c:\femcon2017\femcon\x64\release\femcon.pch
c:\femcon2017\femcon\x64\release\vc140.pdb
c:\femcon2017\femcon\x64\release\stdafx.obj
c:\femcon2017\femcon\x64\release\hproperties.obj
c:\femcon2017\femcon\x64\release\hnodes.obj
c:\femcon2017\femcon\x64\release\hmaterial.obj
c:\femcon2017\femcon\x64\release\hloads.obj
c:\femcon2017\femcon\x64\release\hfunctions.obj
c:\femcon2017\femcon\x64\release\helement.obj
c:\femcon2017\femcon\x64\release\hdatablock.obj
c:\femcon2017\femcon\x64\release\hcproperties.obj
c:\femcon2017\femcon\x64\release\hconstraints.obj
c:\femcon2017\femcon\x64\release\hconntactsegment.obj
c:\femcon2017\femcon\x64\release\hconnection.obj
c:\femcon2017\femcon\x64\release\generalopttimeperiods.obj
c:\femcon2017\femcon\x64\release\generaloptitermethod.obj
c:\femcon2017\femcon\x64\release\generaloptionsdlg.obj
c:\femcon2017\femcon\x64\release\generaldynanopt.obj
c:\femcon2017\femcon\x64\release\finishdlg.obj
c:\femcon2017\femcon\x64\release\femcondlg.obj
c:\femcon2017\femcon\x64\release\femcon.obj
c:\femcon2017\femcon\x64\release\dlgimperfection.obj
c:\femcon2017\femcon\x64\release\analyseddlg.obj
c:\femcon2017\femcon\x64\release\unvimp.obj
c:\femcon2017\femcon\x64\release\translatedlg.obj
c:\femcon2017\femcon\x64\release\sendkeys.obj
c:\femcon2017\femcon\x64\release\sbeamoptions.obj
c:\femcon2017\femcon\x64\release\paktoptions.obj
c:\femcon2017\femcon\x64\release\paktexp.obj
c:\femcon2017\femcon\x64\release\pakstring.obj
c:\femcon2017\femcon\x64\release\pakptexp.obj
c:\femcon2017\femcon\x64\release\pakpexp.obj
c:\femcon2017\femcon\x64\release\pakoptvalues.obj
c:\femcon2017\femcon\x64\release\pakmexp.obj
c:\femcon2017\femcon\x64\release\pakfoptions.obj
c:\femcon2017\femcon\x64\release\pakfexp.obj
c:\femcon2017\femcon\x64\release\pakexpopt.obj
c:\femcon2017\femcon\x64\release\pakexp.obj
c:\femcon2017\femcon\x64\release\pakeexp.obj
c:\femcon2017\femcon\x64\release\modeldata.obj
c:\femcon2017\femcon\x64\release\materialdlg.obj
c:\femcon2017\x64\release\femcon.exe
c:\femcon2017\x64\release\femcon.ipdb
c:\femcon2017\x64\release\femcon.iobj
c:\femcon2017\x64\release\femcon.pdb
c:\femcon2017\femcon\x64\release\femcon.res
c:\femcon2017\femcon\x64\release\femap.tli
c:\femcon2017\femcon\x64\release\femap.tlh
c:\femcon2017\femcon\x64\release\femcon.tlog\cl.command.1.tlog
c:\femcon2017\femcon\x64\release\femcon.tlog\cl.read.1.tlog
c:\femcon2017\femcon\x64\release\femcon.tlog\cl.write.1.tlog
c:\femcon2017\femcon\x64\release\femcon.tlog\link.command.1.tlog
c:\femcon2017\femcon\x64\release\femcon.tlog\link.read.1.tlog
c:\femcon2017\femcon\x64\release\femcon.tlog\link.write.1.tlog
c:\femcon2017\femcon\x64\release\femcon.tlog\rc.command.1.tlog
c:\femcon2017\femcon\x64\release\femcon.tlog\rc.read.1.tlog
c:\femcon2017\femcon\x64\release\femcon.tlog\rc.write.1.tlog
