  stdafx.cpp
C:\Program Files (x86)\Microsoft Visual Studio 14.0\VC\atlmfc\include\afx.h(38): warning C4996: 'MBCS_Support_Deprecated_In_MFC': MBCS support in MFC is deprecated and may be removed in a future version of MFC.
  C:\Program Files (x86)\Microsoft Visual Studio 14.0\VC\atlmfc\include\afx.h(33): note: see declaration of 'MBCS_Support_Deprecated_In_MFC'
  AnalysedDlg.cpp
  DlgImperfection.cpp
  FemCon.cpp
  FemConDlg.cpp
FemConDlg.cpp(694): warning C4311: 'type cast': pointer truncation from 'HWND' to 'int'
FemConDlg.cpp(694): warning C4302: 'type cast': truncation from 'HWND' to 'int'
  FinishDlg.cpp
  GeneralDynAnOpt.cpp
  GeneralOptionsDlg.cpp
  GeneralOptIterMethod.cpp
GeneralOptIterMethod.cpp(190): warning C4800: 'BOOL': forcing value to bool 'true' or 'false' (performance warning)
GeneralOptIterMethod.cpp(191): warning C4800: 'BOOL': forcing value to bool 'true' or 'false' (performance warning)
  GeneralOptTimePeriods.cpp
  HConnection.cpp
  HConntactSegment.cpp
  HConstraints.cpp
HConstraints.cpp(135): warning C4800: 'WORD': forcing value to bool 'true' or 'false' (performance warning)
  HCProperties.cpp
  HDataBlock.cpp
  HElement.cpp
HElement.cpp(125): warning C4800: 'WORD': forcing value to bool 'true' or 'false' (performance warning)
HElement.cpp(137): warning C4800: 'WORD': forcing value to bool 'true' or 'false' (performance warning)
HElement.cpp(142): warning C4800: 'WORD': forcing value to bool 'true' or 'false' (performance warning)
  HFunctions.cpp
  HLoads.cpp
HLoads.cpp(242): warning C4800: 'WORD': forcing value to bool 'true' or 'false' (performance warning)
HLoads.cpp(244): warning C4800: 'WORD': forcing value to bool 'true' or 'false' (performance warning)
HLoads.cpp(246): warning C4800: 'WORD': forcing value to bool 'true' or 'false' (performance warning)
HLoads.cpp(271): warning C4800: 'WORD': forcing value to bool 'true' or 'false' (performance warning)
HLoads.cpp(273): warning C4800: 'WORD': forcing value to bool 'true' or 'false' (performance warning)
HLoads.cpp(275): warning C4800: 'WORD': forcing value to bool 'true' or 'false' (performance warning)
  HMaterial.cpp
HMaterial.cpp(187): warning C4800: 'WORD': forcing value to bool 'true' or 'false' (performance warning)
  HNodes.cpp
HNodes.cpp(92): warning C4800: 'WORD': forcing value to bool 'true' or 'false' (performance warning)
  HProperties.cpp
  Compiling...
  MaterialDLG.cpp
  ModelData.cpp
ModelData.cpp(536): warning C4477: 'sscanf' : format string '%u' requires an argument of type 'unsigned int *', but variadic argument 1 has type 'UINT'
ModelData.cpp(536): warning C4477: 'sscanf' : format string '%u' requires an argument of type 'unsigned int *', but variadic argument 2 has type 'UINT'
ModelData.cpp(536): warning C4477: 'sscanf' : format string '%u' requires an argument of type 'unsigned int *', but variadic argument 3 has type 'UINT'
ModelData.cpp(536): warning C4477: 'sscanf' : format string '%u' requires an argument of type 'unsigned int *', but variadic argument 4 has type 'UINT'
ModelData.cpp(536): warning C4477: 'sscanf' : format string '%u' requires an argument of type 'unsigned int *', but variadic argument 5 has type 'UINT'
ModelData.cpp(536): warning C4996: 'sscanf': This function or variable may be unsafe. Consider using sscanf_s instead. To disable deprecation, use _CRT_SECURE_NO_WARNINGS. See online help for details.
  C:\Program Files (x86)\Windows Kits\10\Include\10.0.10240.0\ucrt\stdio.h(2254): note: see declaration of 'sscanf'
ModelData.cpp(719): warning C4477: 'sscanf' : format string '%d' requires an argument of type 'int *', but variadic argument 4 has type 'bool *'
ModelData.cpp(719): warning C4477: 'sscanf' : format string '%d' requires an argument of type 'int *', but variadic argument 5 has type 'bool *'
ModelData.cpp(719): warning C4477: 'sscanf' : format string '%d' requires an argument of type 'int *', but variadic argument 6 has type 'bool *'
ModelData.cpp(719): warning C4477: 'sscanf' : format string '%d' requires an argument of type 'int *', but variadic argument 7 has type 'bool *'
ModelData.cpp(719): warning C4477: 'sscanf' : format string '%d' requires an argument of type 'int *', but variadic argument 8 has type 'bool *'
ModelData.cpp(719): warning C4477: 'sscanf' : format string '%d' requires an argument of type 'int *', but variadic argument 9 has type 'bool *'
ModelData.cpp(719): warning C4996: 'sscanf': This function or variable may be unsafe. Consider using sscanf_s instead. To disable deprecation, use _CRT_SECURE_NO_WARNINGS. See online help for details.
  C:\Program Files (x86)\Windows Kits\10\Include\10.0.10240.0\ucrt\stdio.h(2254): note: see declaration of 'sscanf'
ModelData.cpp(735): warning C4473: 'sscanf' : not enough arguments passed for format string
  ModelData.cpp(735): note: placeholders and their parameters expect 4 variadic arguments, but 3 were provided
  ModelData.cpp(735): note: the missing variadic argument 4 is required by format string '%u'
ModelData.cpp(735): warning C4996: 'sscanf': This function or variable may be unsafe. Consider using sscanf_s instead. To disable deprecation, use _CRT_SECURE_NO_WARNINGS. See online help for details.
  C:\Program Files (x86)\Windows Kits\10\Include\10.0.10240.0\ucrt\stdio.h(2254): note: see declaration of 'sscanf'
ModelData.cpp(743): warning C4996: 'sscanf': This function or variable may be unsafe. Consider using sscanf_s instead. To disable deprecation, use _CRT_SECURE_NO_WARNINGS. See online help for details.
  C:\Program Files (x86)\Windows Kits\10\Include\10.0.10240.0\ucrt\stdio.h(2254): note: see declaration of 'sscanf'
ModelData.cpp(781): warning C4477: 'sscanf' : format string '%d' requires an argument of type 'int *', but variadic argument 4 has type 'bool *'
ModelData.cpp(781): warning C4477: 'sscanf' : format string '%d' requires an argument of type 'int *', but variadic argument 5 has type 'bool *'
ModelData.cpp(781): warning C4477: 'sscanf' : format string '%d' requires an argument of type 'int *', but variadic argument 6 has type 'bool *'
ModelData.cpp(781): warning C4477: 'sscanf' : format string '%d' requires an argument of type 'int *', but variadic argument 7 has type 'bool *'
ModelData.cpp(781): warning C4477: 'sscanf' : format string '%d' requires an argument of type 'int *', but variadic argument 8 has type 'bool *'
ModelData.cpp(781): warning C4477: 'sscanf' : format string '%d' requires an argument of type 'int *', but variadic argument 9 has type 'bool *'
ModelData.cpp(781): warning C4996: 'sscanf': This function or variable may be unsafe. Consider using sscanf_s instead. To disable deprecation, use _CRT_SECURE_NO_WARNINGS. See online help for details.
  C:\Program Files (x86)\Windows Kits\10\Include\10.0.10240.0\ucrt\stdio.h(2254): note: see declaration of 'sscanf'
ModelData.cpp(815): warning C4996: 'sscanf': This function or variable may be unsafe. Consider using sscanf_s instead. To disable deprecation, use _CRT_SECURE_NO_WARNINGS. See online help for details.
  C:\Program Files (x86)\Windows Kits\10\Include\10.0.10240.0\ucrt\stdio.h(2254): note: see declaration of 'sscanf'
ModelData.cpp(833): warning C4996: 'sscanf': This function or variable may be unsafe. Consider using sscanf_s instead. To disable deprecation, use _CRT_SECURE_NO_WARNINGS. See online help for details.
  C:\Program Files (x86)\Windows Kits\10\Include\10.0.10240.0\ucrt\stdio.h(2254): note: see declaration of 'sscanf'
ModelData.cpp(870): warning C4477: 'sscanf' : format string '%d' requires an argument of type 'int *', but variadic argument 8 has type 'bool *'
ModelData.cpp(870): warning C4996: 'sscanf': This function or variable may be unsafe. Consider using sscanf_s instead. To disable deprecation, use _CRT_SECURE_NO_WARNINGS. See online help for details.
  C:\Program Files (x86)\Windows Kits\10\Include\10.0.10240.0\ucrt\stdio.h(2254): note: see declaration of 'sscanf'
ModelData.cpp(878): warning C4996: 'sscanf': This function or variable may be unsafe. Consider using sscanf_s instead. To disable deprecation, use _CRT_SECURE_NO_WARNINGS. See online help for details.
  C:\Program Files (x86)\Windows Kits\10\Include\10.0.10240.0\ucrt\stdio.h(2254): note: see declaration of 'sscanf'
ModelData.cpp(885): warning C4996: 'sscanf': This function or variable may be unsafe. Consider using sscanf_s instead. To disable deprecation, use _CRT_SECURE_NO_WARNINGS. See online help for details.
  C:\Program Files (x86)\Windows Kits\10\Include\10.0.10240.0\ucrt\stdio.h(2254): note: see declaration of 'sscanf'
ModelData.cpp(892): warning C4996: 'sscanf': This function or variable may be unsafe. Consider using sscanf_s instead. To disable deprecation, use _CRT_SECURE_NO_WARNINGS. See online help for details.
  C:\Program Files (x86)\Windows Kits\10\Include\10.0.10240.0\ucrt\stdio.h(2254): note: see declaration of 'sscanf'
ModelData.cpp(897): warning C4996: 'sscanf': This function or variable may be unsafe. Consider using sscanf_s instead. To disable deprecation, use _CRT_SECURE_NO_WARNINGS. See online help for details.
  C:\Program Files (x86)\Windows Kits\10\Include\10.0.10240.0\ucrt\stdio.h(2254): note: see declaration of 'sscanf'
ModelData.cpp(902): warning C4996: 'sscanf': This function or variable may be unsafe. Consider using sscanf_s instead. To disable deprecation, use _CRT_SECURE_NO_WARNINGS. See online help for details.
  C:\Program Files (x86)\Windows Kits\10\Include\10.0.10240.0\ucrt\stdio.h(2254): note: see declaration of 'sscanf'
ModelData.cpp(950): warning C4800: 'int': forcing value to bool 'true' or 'false' (performance warning)
ModelData.cpp(951): warning C4800: 'int': forcing value to bool 'true' or 'false' (performance warning)
ModelData.cpp(952): warning C4800: 'int': forcing value to bool 'true' or 'false' (performance warning)
ModelData.cpp(981): warning C4800: 'int': forcing value to bool 'true' or 'false' (performance warning)
ModelData.cpp(988): warning C4800: 'int': forcing value to bool 'true' or 'false' (performance warning)
ModelData.cpp(989): warning C4554: '&': check operator precedence for possible error; use parentheses to clarify precedence
ModelData.cpp(994): warning C4554: '&': check operator precedence for possible error; use parentheses to clarify precedence
ModelData.cpp(998): warning C4800: 'int': forcing value to bool 'true' or 'false' (performance warning)
ModelData.cpp(930): warning C4477: 'sscanf' : format string '%d' requires an argument of type 'int *', but variadic argument 3 has type 'bool *'
ModelData.cpp(930): warning C4477: 'sscanf' : format string '%d' requires an argument of type 'int *', but variadic argument 4 has type 'bool *'
ModelData.cpp(930): warning C4477: 'sscanf' : format string '%d' requires an argument of type 'int *', but variadic argument 5 has type 'bool *'
ModelData.cpp(930): warning C4996: 'sscanf': This function or variable may be unsafe. Consider using sscanf_s instead. To disable deprecation, use _CRT_SECURE_NO_WARNINGS. See online help for details.
  C:\Program Files (x86)\Windows Kits\10\Include\10.0.10240.0\ucrt\stdio.h(2254): note: see declaration of 'sscanf'
ModelData.cpp(932): warning C4996: 'sscanf': This function or variable may be unsafe. Consider using sscanf_s instead. To disable deprecation, use _CRT_SECURE_NO_WARNINGS. See online help for details.
  C:\Program Files (x86)\Windows Kits\10\Include\10.0.10240.0\ucrt\stdio.h(2254): note: see declaration of 'sscanf'
ModelData.cpp(934): warning C4474: 'sscanf' : too many arguments passed for format string
  ModelData.cpp(934): note: placeholders and their parameters expect 5 variadic arguments, but 6 were provided
ModelData.cpp(934): warning C4996: 'sscanf': This function or variable may be unsafe. Consider using sscanf_s instead. To disable deprecation, use _CRT_SECURE_NO_WARNINGS. See online help for details.
  C:\Program Files (x86)\Windows Kits\10\Include\10.0.10240.0\ucrt\stdio.h(2254): note: see declaration of 'sscanf'
ModelData.cpp(936): warning C4996: 'sscanf': This function or variable may be unsafe. Consider using sscanf_s instead. To disable deprecation, use _CRT_SECURE_NO_WARNINGS. See online help for details.
  C:\Program Files (x86)\Windows Kits\10\Include\10.0.10240.0\ucrt\stdio.h(2254): note: see declaration of 'sscanf'
ModelData.cpp(938): warning C4996: 'sscanf': This function or variable may be unsafe. Consider using sscanf_s instead. To disable deprecation, use _CRT_SECURE_NO_WARNINGS. See online help for details.
  C:\Program Files (x86)\Windows Kits\10\Include\10.0.10240.0\ucrt\stdio.h(2254): note: see declaration of 'sscanf'
ModelData.cpp(940): warning C4996: 'sscanf': This function or variable may be unsafe. Consider using sscanf_s instead. To disable deprecation, use _CRT_SECURE_NO_WARNINGS. See online help for details.
  C:\Program Files (x86)\Windows Kits\10\Include\10.0.10240.0\ucrt\stdio.h(2254): note: see declaration of 'sscanf'
ModelData.cpp(942): warning C4996: 'sscanf': This function or variable may be unsafe. Consider using sscanf_s instead. To disable deprecation, use _CRT_SECURE_NO_WARNINGS. See online help for details.
  C:\Program Files (x86)\Windows Kits\10\Include\10.0.10240.0\ucrt\stdio.h(2254): note: see declaration of 'sscanf'
ModelData.cpp(944): warning C4996: 'sscanf': This function or variable may be unsafe. Consider using sscanf_s instead. To disable deprecation, use _CRT_SECURE_NO_WARNINGS. See online help for details.
  C:\Program Files (x86)\Windows Kits\10\Include\10.0.10240.0\ucrt\stdio.h(2254): note: see declaration of 'sscanf'
ModelData.cpp(946): warning C4996: 'sscanf': This function or variable may be unsafe. Consider using sscanf_s instead. To disable deprecation, use _CRT_SECURE_NO_WARNINGS. See online help for details.
  C:\Program Files (x86)\Windows Kits\10\Include\10.0.10240.0\ucrt\stdio.h(2254): note: see declaration of 'sscanf'
ModelData.cpp(949): warning C4996: 'sscanf': This function or variable may be unsafe. Consider using sscanf_s instead. To disable deprecation, use _CRT_SECURE_NO_WARNINGS. See online help for details.
  C:\Program Files (x86)\Windows Kits\10\Include\10.0.10240.0\ucrt\stdio.h(2254): note: see declaration of 'sscanf'
ModelData.cpp(965): warning C4996: 'sscanf': This function or variable may be unsafe. Consider using sscanf_s instead. To disable deprecation, use _CRT_SECURE_NO_WARNINGS. See online help for details.
  C:\Program Files (x86)\Windows Kits\10\Include\10.0.10240.0\ucrt\stdio.h(2254): note: see declaration of 'sscanf'
ModelData.cpp(970): warning C4996: 'sscanf': This function or variable may be unsafe. Consider using sscanf_s instead. To disable deprecation, use _CRT_SECURE_NO_WARNINGS. See online help for details.
  C:\Program Files (x86)\Windows Kits\10\Include\10.0.10240.0\ucrt\stdio.h(2254): note: see declaration of 'sscanf'
ModelData.cpp(976): warning C4996: 'sscanf': This function or variable may be unsafe. Consider using sscanf_s instead. To disable deprecation, use _CRT_SECURE_NO_WARNINGS. See online help for details.
  C:\Program Files (x86)\Windows Kits\10\Include\10.0.10240.0\ucrt\stdio.h(2254): note: see declaration of 'sscanf'
ModelData.cpp(980): warning C4996: 'sscanf': This function or variable may be unsafe. Consider using sscanf_s instead. To disable deprecation, use _CRT_SECURE_NO_WARNINGS. See online help for details.
  C:\Program Files (x86)\Windows Kits\10\Include\10.0.10240.0\ucrt\stdio.h(2254): note: see declaration of 'sscanf'
ModelData.cpp(987): warning C4996: 'sscanf': This function or variable may be unsafe. Consider using sscanf_s instead. To disable deprecation, use _CRT_SECURE_NO_WARNINGS. See online help for details.
  C:\Program Files (x86)\Windows Kits\10\Include\10.0.10240.0\ucrt\stdio.h(2254): note: see declaration of 'sscanf'
ModelData.cpp(1025): warning C4996: 'sscanf': This function or variable may be unsafe. Consider using sscanf_s instead. To disable deprecation, use _CRT_SECURE_NO_WARNINGS. See online help for details.
  C:\Program Files (x86)\Windows Kits\10\Include\10.0.10240.0\ucrt\stdio.h(2254): note: see declaration of 'sscanf'
ModelData.cpp(1027): warning C4996: 'sscanf': This function or variable may be unsafe. Consider using sscanf_s instead. To disable deprecation, use _CRT_SECURE_NO_WARNINGS. See online help for details.
  C:\Program Files (x86)\Windows Kits\10\Include\10.0.10240.0\ucrt\stdio.h(2254): note: see declaration of 'sscanf'
ModelData.cpp(1031): warning C4996: 'sscanf': This function or variable may be unsafe. Consider using sscanf_s instead. To disable deprecation, use _CRT_SECURE_NO_WARNINGS. See online help for details.
  C:\Program Files (x86)\Windows Kits\10\Include\10.0.10240.0\ucrt\stdio.h(2254): note: see declaration of 'sscanf'
ModelData.cpp(1034): warning C4996: 'sscanf': This function or variable may be unsafe. Consider using sscanf_s instead. To disable deprecation, use _CRT_SECURE_NO_WARNINGS. See online help for details.
  C:\Program Files (x86)\Windows Kits\10\Include\10.0.10240.0\ucrt\stdio.h(2254): note: see declaration of 'sscanf'
ModelData.cpp(1037): warning C4996: 'sscanf': This function or variable may be unsafe. Consider using sscanf_s instead. To disable deprecation, use _CRT_SECURE_NO_WARNINGS. See online help for details.
  C:\Program Files (x86)\Windows Kits\10\Include\10.0.10240.0\ucrt\stdio.h(2254): note: see declaration of 'sscanf'
ModelData.cpp(1039): warning C4996: 'sscanf': This function or variable may be unsafe. Consider using sscanf_s instead. To disable deprecation, use _CRT_SECURE_NO_WARNINGS. See online help for details.
  C:\Program Files (x86)\Windows Kits\10\Include\10.0.10240.0\ucrt\stdio.h(2254): note: see declaration of 'sscanf'
ModelData.cpp(1048): warning C4996: 'sscanf': This function or variable may be unsafe. Consider using sscanf_s instead. To disable deprecation, use _CRT_SECURE_NO_WARNINGS. See online help for details.
  C:\Program Files (x86)\Windows Kits\10\Include\10.0.10240.0\ucrt\stdio.h(2254): note: see declaration of 'sscanf'
ModelData.cpp(1056): warning C4996: 'sscanf': This function or variable may be unsafe. Consider using sscanf_s instead. To disable deprecation, use _CRT_SECURE_NO_WARNINGS. See online help for details.
  C:\Program Files (x86)\Windows Kits\10\Include\10.0.10240.0\ucrt\stdio.h(2254): note: see declaration of 'sscanf'
ModelData.cpp(1132): warning C4800: 'int': forcing value to bool 'true' or 'false' (performance warning)
ModelData.cpp(1133): warning C4800: 'int': forcing value to bool 'true' or 'false' (performance warning)
ModelData.cpp(1134): warning C4800: 'int': forcing value to bool 'true' or 'false' (performance warning)
ModelData.cpp(1163): warning C4800: 'int': forcing value to bool 'true' or 'false' (performance warning)
ModelData.cpp(1170): warning C4800: 'int': forcing value to bool 'true' or 'false' (performance warning)
ModelData.cpp(1171): warning C4554: '&': check operator precedence for possible error; use parentheses to clarify precedence
ModelData.cpp(1176): warning C4554: '&': check operator precedence for possible error; use parentheses to clarify precedence
ModelData.cpp(1180): warning C4800: 'int': forcing value to bool 'true' or 'false' (performance warning)
ModelData.cpp(1089): warning C4477: 'sscanf' : format string '%d' requires an argument of type 'int *', but variadic argument 3 has type 'bool *'
ModelData.cpp(1089): warning C4477: 'sscanf' : format string '%d' requires an argument of type 'int *', but variadic argument 4 has type 'bool *'
ModelData.cpp(1089): warning C4477: 'sscanf' : format string '%d' requires an argument of type 'int *', but variadic argument 5 has type 'bool *'
ModelData.cpp(1089): warning C4996: 'sscanf': This function or variable may be unsafe. Consider using sscanf_s instead. To disable deprecation, use _CRT_SECURE_NO_WARNINGS. See online help for details.
  C:\Program Files (x86)\Windows Kits\10\Include\10.0.10240.0\ucrt\stdio.h(2254): note: see declaration of 'sscanf'
ModelData.cpp(1094): warning C4996: 'sscanf': This function or variable may be unsafe. Consider using sscanf_s instead. To disable deprecation, use _CRT_SECURE_NO_WARNINGS. See online help for details.
  C:\Program Files (x86)\Windows Kits\10\Include\10.0.10240.0\ucrt\stdio.h(2254): note: see declaration of 'sscanf'
ModelData.cpp(1098): warning C4996: 'sscanf': This function or variable may be unsafe. Consider using sscanf_s instead. To disable deprecation, use _CRT_SECURE_NO_WARNINGS. See online help for details.
  C:\Program Files (x86)\Windows Kits\10\Include\10.0.10240.0\ucrt\stdio.h(2254): note: see declaration of 'sscanf'
ModelData.cpp(1102): warning C4996: 'sscanf': This function or variable may be unsafe. Consider using sscanf_s instead. To disable deprecation, use _CRT_SECURE_NO_WARNINGS. See online help for details.
  C:\Program Files (x86)\Windows Kits\10\Include\10.0.10240.0\ucrt\stdio.h(2254): note: see declaration of 'sscanf'
ModelData.cpp(1106): warning C4996: 'sscanf': This function or variable may be unsafe. Consider using sscanf_s instead. To disable deprecation, use _CRT_SECURE_NO_WARNINGS. See online help for details.
  C:\Program Files (x86)\Windows Kits\10\Include\10.0.10240.0\ucrt\stdio.h(2254): note: see declaration of 'sscanf'
ModelData.cpp(1110): warning C4996: 'sscanf': This function or variable may be unsafe. Consider using sscanf_s instead. To disable deprecation, use _CRT_SECURE_NO_WARNINGS. See online help for details.
  C:\Program Files (x86)\Windows Kits\10\Include\10.0.10240.0\ucrt\stdio.h(2254): note: see declaration of 'sscanf'
ModelData.cpp(1114): warning C4996: 'sscanf': This function or variable may be unsafe. Consider using sscanf_s instead. To disable deprecation, use _CRT_SECURE_NO_WARNINGS. See online help for details.
  C:\Program Files (x86)\Windows Kits\10\Include\10.0.10240.0\ucrt\stdio.h(2254): note: see declaration of 'sscanf'
ModelData.cpp(1119): warning C4996: 'sscanf': This function or variable may be unsafe. Consider using sscanf_s instead. To disable deprecation, use _CRT_SECURE_NO_WARNINGS. See online help for details.
  C:\Program Files (x86)\Windows Kits\10\Include\10.0.10240.0\ucrt\stdio.h(2254): note: see declaration of 'sscanf'
ModelData.cpp(1124): warning C4996: 'sscanf': This function or variable may be unsafe. Consider using sscanf_s instead. To disable deprecation, use _CRT_SECURE_NO_WARNINGS. See online help for details.
  C:\Program Files (x86)\Windows Kits\10\Include\10.0.10240.0\ucrt\stdio.h(2254): note: see declaration of 'sscanf'
ModelData.cpp(1130): warning C4996: 'sscanf': This function or variable may be unsafe. Consider using sscanf_s instead. To disable deprecation, use _CRT_SECURE_NO_WARNINGS. See online help for details.
  C:\Program Files (x86)\Windows Kits\10\Include\10.0.10240.0\ucrt\stdio.h(2254): note: see declaration of 'sscanf'
ModelData.cpp(1147): warning C4996: 'sscanf': This function or variable may be unsafe. Consider using sscanf_s instead. To disable deprecation, use _CRT_SECURE_NO_WARNINGS. See online help for details.
  C:\Program Files (x86)\Windows Kits\10\Include\10.0.10240.0\ucrt\stdio.h(2254): note: see declaration of 'sscanf'
ModelData.cpp(1152): warning C4996: 'sscanf': This function or variable may be unsafe. Consider using sscanf_s instead. To disable deprecation, use _CRT_SECURE_NO_WARNINGS. See online help for details.
  C:\Program Files (x86)\Windows Kits\10\Include\10.0.10240.0\ucrt\stdio.h(2254): note: see declaration of 'sscanf'
ModelData.cpp(1158): warning C4996: 'sscanf': This function or variable may be unsafe. Consider using sscanf_s instead. To disable deprecation, use _CRT_SECURE_NO_WARNINGS. See online help for details.
  C:\Program Files (x86)\Windows Kits\10\Include\10.0.10240.0\ucrt\stdio.h(2254): note: see declaration of 'sscanf'
ModelData.cpp(1162): warning C4996: 'sscanf': This function or variable may be unsafe. Consider using sscanf_s instead. To disable deprecation, use _CRT_SECURE_NO_WARNINGS. See online help for details.
  C:\Program Files (x86)\Windows Kits\10\Include\10.0.10240.0\ucrt\stdio.h(2254): note: see declaration of 'sscanf'
ModelData.cpp(1169): warning C4996: 'sscanf': This function or variable may be unsafe. Consider using sscanf_s instead. To disable deprecation, use _CRT_SECURE_NO_WARNINGS. See online help for details.
  C:\Program Files (x86)\Windows Kits\10\Include\10.0.10240.0\ucrt\stdio.h(2254): note: see declaration of 'sscanf'
ModelData.cpp(1217): warning C4996: 'sscanf': This function or variable may be unsafe. Consider using sscanf_s instead. To disable deprecation, use _CRT_SECURE_NO_WARNINGS. See online help for details.
  C:\Program Files (x86)\Windows Kits\10\Include\10.0.10240.0\ucrt\stdio.h(2254): note: see declaration of 'sscanf'
ModelData.cpp(1320): warning C4996: 'sscanf': This function or variable may be unsafe. Consider using sscanf_s instead. To disable deprecation, use _CRT_SECURE_NO_WARNINGS. See online help for details.
  C:\Program Files (x86)\Windows Kits\10\Include\10.0.10240.0\ucrt\stdio.h(2254): note: see declaration of 'sscanf'
ModelData.cpp(1326): warning C4996: 'sscanf': This function or variable may be unsafe. Consider using sscanf_s instead. To disable deprecation, use _CRT_SECURE_NO_WARNINGS. See online help for details.
  C:\Program Files (x86)\Windows Kits\10\Include\10.0.10240.0\ucrt\stdio.h(2254): note: see declaration of 'sscanf'
ModelData.cpp(1333): warning C4996: 'sscanf': This function or variable may be unsafe. Consider using sscanf_s instead. To disable deprecation, use _CRT_SECURE_NO_WARNINGS. See online help for details.
  C:\Program Files (x86)\Windows Kits\10\Include\10.0.10240.0\ucrt\stdio.h(2254): note: see declaration of 'sscanf'
ModelData.cpp(1341): warning C4996: 'sscanf': This function or variable may be unsafe. Consider using sscanf_s instead. To disable deprecation, use _CRT_SECURE_NO_WARNINGS. See online help for details.
  C:\Program Files (x86)\Windows Kits\10\Include\10.0.10240.0\ucrt\stdio.h(2254): note: see declaration of 'sscanf'
ModelData.cpp(1343): warning C4996: 'sscanf': This function or variable may be unsafe. Consider using sscanf_s instead. To disable deprecation, use _CRT_SECURE_NO_WARNINGS. See online help for details.
  C:\Program Files (x86)\Windows Kits\10\Include\10.0.10240.0\ucrt\stdio.h(2254): note: see declaration of 'sscanf'
ModelData.cpp(1367): warning C4996: 'sscanf': This function or variable may be unsafe. Consider using sscanf_s instead. To disable deprecation, use _CRT_SECURE_NO_WARNINGS. See online help for details.
  C:\Program Files (x86)\Windows Kits\10\Include\10.0.10240.0\ucrt\stdio.h(2254): note: see declaration of 'sscanf'
ModelData.cpp(1383): warning C4996: 'sscanf': This function or variable may be unsafe. Consider using sscanf_s instead. To disable deprecation, use _CRT_SECURE_NO_WARNINGS. See online help for details.
  C:\Program Files (x86)\Windows Kits\10\Include\10.0.10240.0\ucrt\stdio.h(2254): note: see declaration of 'sscanf'
ModelData.cpp(1137): warning C4101: 'i': unreferenced local variable
ModelData.cpp(1427): warning C4477: 'sscanf' : format string '%d' requires an argument of type 'int *', but variadic argument 6 has type 'bool *'
ModelData.cpp(1427): warning C4477: 'sscanf' : format string '%d' requires an argument of type 'int *', but variadic argument 7 has type 'bool *'
ModelData.cpp(1427): warning C4477: 'sscanf' : format string '%d' requires an argument of type 'int *', but variadic argument 8 has type 'bool *'
ModelData.cpp(1427): warning C4477: 'sscanf' : format string '%d' requires an argument of type 'int *', but variadic argument 9 has type 'bool *'
ModelData.cpp(1427): warning C4477: 'sscanf' : format string '%d' requires an argument of type 'int *', but variadic argument 10 has type 'bool *'
ModelData.cpp(1427): warning C4477: 'sscanf' : format string '%d' requires an argument of type 'int *', but variadic argument 11 has type 'bool *'
ModelData.cpp(1427): warning C4996: 'sscanf': This function or variable may be unsafe. Consider using sscanf_s instead. To disable deprecation, use _CRT_SECURE_NO_WARNINGS. See online help for details.
  C:\Program Files (x86)\Windows Kits\10\Include\10.0.10240.0\ucrt\stdio.h(2254): note: see declaration of 'sscanf'
ModelData.cpp(1455): warning C4996: 'sscanf': This function or variable may be unsafe. Consider using sscanf_s instead. To disable deprecation, use _CRT_SECURE_NO_WARNINGS. See online help for details.
  C:\Program Files (x86)\Windows Kits\10\Include\10.0.10240.0\ucrt\stdio.h(2254): note: see declaration of 'sscanf'
ModelData.cpp(1463): warning C4996: 'sscanf': This function or variable may be unsafe. Consider using sscanf_s instead. To disable deprecation, use _CRT_SECURE_NO_WARNINGS. See online help for details.
  C:\Program Files (x86)\Windows Kits\10\Include\10.0.10240.0\ucrt\stdio.h(2254): note: see declaration of 'sscanf'
ModelData.cpp(1475): warning C4996: 'sscanf': This function or variable may be unsafe. Consider using sscanf_s instead. To disable deprecation, use _CRT_SECURE_NO_WARNINGS. See online help for details.
  C:\Program Files (x86)\Windows Kits\10\Include\10.0.10240.0\ucrt\stdio.h(2254): note: see declaration of 'sscanf'
ModelData.cpp(1484): warning C4996: 'fscanf': This function or variable may be unsafe. Consider using fscanf_s instead. To disable deprecation, use _CRT_SECURE_NO_WARNINGS. See online help for details.
  C:\Program Files (x86)\Windows Kits\10\Include\10.0.10240.0\ucrt\stdio.h(1193): note: see declaration of 'fscanf'
ModelData.cpp(1496): warning C4996: 'sscanf': This function or variable may be unsafe. Consider using sscanf_s instead. To disable deprecation, use _CRT_SECURE_NO_WARNINGS. See online help for details.
  C:\Program Files (x86)\Windows Kits\10\Include\10.0.10240.0\ucrt\stdio.h(2254): note: see declaration of 'sscanf'
ModelData.cpp(1503): warning C4996: 'fscanf': This function or variable may be unsafe. Consider using fscanf_s instead. To disable deprecation, use _CRT_SECURE_NO_WARNINGS. See online help for details.
  C:\Program Files (x86)\Windows Kits\10\Include\10.0.10240.0\ucrt\stdio.h(1193): note: see declaration of 'fscanf'
ModelData.cpp(1551): warning C4477: 'sscanf' : format string '%u' requires an argument of type 'unsigned int *', but variadic argument 5 has type 'bool *'
ModelData.cpp(1551): warning C4996: 'sscanf': This function or variable may be unsafe. Consider using sscanf_s instead. To disable deprecation, use _CRT_SECURE_NO_WARNINGS. See online help for details.
  C:\Program Files (x86)\Windows Kits\10\Include\10.0.10240.0\ucrt\stdio.h(2254): note: see declaration of 'sscanf'
ModelData.cpp(1557): warning C4996: 'sscanf': This function or variable may be unsafe. Consider using sscanf_s instead. To disable deprecation, use _CRT_SECURE_NO_WARNINGS. See online help for details.
  C:\Program Files (x86)\Windows Kits\10\Include\10.0.10240.0\ucrt\stdio.h(2254): note: see declaration of 'sscanf'
ModelData.cpp(1560): warning C4996: 'sscanf': This function or variable may be unsafe. Consider using sscanf_s instead. To disable deprecation, use _CRT_SECURE_NO_WARNINGS. See online help for details.
  C:\Program Files (x86)\Windows Kits\10\Include\10.0.10240.0\ucrt\stdio.h(2254): note: see declaration of 'sscanf'
ModelData.cpp(1563): warning C4996: 'sscanf': This function or variable may be unsafe. Consider using sscanf_s instead. To disable deprecation, use _CRT_SECURE_NO_WARNINGS. See online help for details.
  C:\Program Files (x86)\Windows Kits\10\Include\10.0.10240.0\ucrt\stdio.h(2254): note: see declaration of 'sscanf'
ModelData.cpp(1569): warning C4996: 'sscanf': This function or variable may be unsafe. Consider using sscanf_s instead. To disable deprecation, use _CRT_SECURE_NO_WARNINGS. See online help for details.
  C:\Program Files (x86)\Windows Kits\10\Include\10.0.10240.0\ucrt\stdio.h(2254): note: see declaration of 'sscanf'
ModelData.cpp(1577): warning C4996: 'sscanf': This function or variable may be unsafe. Consider using sscanf_s instead. To disable deprecation, use _CRT_SECURE_NO_WARNINGS. See online help for details.
  C:\Program Files (x86)\Windows Kits\10\Include\10.0.10240.0\ucrt\stdio.h(2254): note: see declaration of 'sscanf'
ModelData.cpp(1584): warning C4996: 'sscanf': This function or variable may be unsafe. Consider using sscanf_s instead. To disable deprecation, use _CRT_SECURE_NO_WARNINGS. See online help for details.
  C:\Program Files (x86)\Windows Kits\10\Include\10.0.10240.0\ucrt\stdio.h(2254): note: see declaration of 'sscanf'
ModelData.cpp(1591): warning C4996: 'sscanf': This function or variable may be unsafe. Consider using sscanf_s instead. To disable deprecation, use _CRT_SECURE_NO_WARNINGS. See online help for details.
  C:\Program Files (x86)\Windows Kits\10\Include\10.0.10240.0\ucrt\stdio.h(2254): note: see declaration of 'sscanf'
ModelData.cpp(1598): warning C4996: 'sscanf': This function or variable may be unsafe. Consider using sscanf_s instead. To disable deprecation, use _CRT_SECURE_NO_WARNINGS. See online help for details.
  C:\Program Files (x86)\Windows Kits\10\Include\10.0.10240.0\ucrt\stdio.h(2254): note: see declaration of 'sscanf'
ModelData.cpp(1602): warning C4996: 'sscanf': This function or variable may be unsafe. Consider using sscanf_s instead. To disable deprecation, use _CRT_SECURE_NO_WARNINGS. See online help for details.
  C:\Program Files (x86)\Windows Kits\10\Include\10.0.10240.0\ucrt\stdio.h(2254): note: see declaration of 'sscanf'
ModelData.cpp(1610): warning C4996: 'sscanf': This function or variable may be unsafe. Consider using sscanf_s instead. To disable deprecation, use _CRT_SECURE_NO_WARNINGS. See online help for details.
  C:\Program Files (x86)\Windows Kits\10\Include\10.0.10240.0\ucrt\stdio.h(2254): note: see declaration of 'sscanf'
ModelData.cpp(1613): warning C4996: 'sscanf': This function or variable may be unsafe. Consider using sscanf_s instead. To disable deprecation, use _CRT_SECURE_NO_WARNINGS. See online help for details.
  C:\Program Files (x86)\Windows Kits\10\Include\10.0.10240.0\ucrt\stdio.h(2254): note: see declaration of 'sscanf'
ModelData.cpp(1616): warning C4996: 'sscanf': This function or variable may be unsafe. Consider using sscanf_s instead. To disable deprecation, use _CRT_SECURE_NO_WARNINGS. See online help for details.
  C:\Program Files (x86)\Windows Kits\10\Include\10.0.10240.0\ucrt\stdio.h(2254): note: see declaration of 'sscanf'
ModelData.cpp(1621): warning C4996: 'sscanf': This function or variable may be unsafe. Consider using sscanf_s instead. To disable deprecation, use _CRT_SECURE_NO_WARNINGS. See online help for details.
  C:\Program Files (x86)\Windows Kits\10\Include\10.0.10240.0\ucrt\stdio.h(2254): note: see declaration of 'sscanf'
ModelData.cpp(1629): warning C4996: 'sscanf': This function or variable may be unsafe. Consider using sscanf_s instead. To disable deprecation, use _CRT_SECURE_NO_WARNINGS. See online help for details.
  C:\Program Files (x86)\Windows Kits\10\Include\10.0.10240.0\ucrt\stdio.h(2254): note: see declaration of 'sscanf'
ModelData.cpp(1636): warning C4996: 'sscanf': This function or variable may be unsafe. Consider using sscanf_s instead. To disable deprecation, use _CRT_SECURE_NO_WARNINGS. See online help for details.
  C:\Program Files (x86)\Windows Kits\10\Include\10.0.10240.0\ucrt\stdio.h(2254): note: see declaration of 'sscanf'
ModelData.cpp(1643): warning C4996: 'sscanf': This function or variable may be unsafe. Consider using sscanf_s instead. To disable deprecation, use _CRT_SECURE_NO_WARNINGS. See online help for details.
  C:\Program Files (x86)\Windows Kits\10\Include\10.0.10240.0\ucrt\stdio.h(2254): note: see declaration of 'sscanf'
ModelData.cpp(1650): warning C4996: 'sscanf': This function or variable may be unsafe. Consider using sscanf_s instead. To disable deprecation, use _CRT_SECURE_NO_WARNINGS. See online help for details.
  C:\Program Files (x86)\Windows Kits\10\Include\10.0.10240.0\ucrt\stdio.h(2254): note: see declaration of 'sscanf'
ModelData.cpp(1654): warning C4996: 'sscanf': This function or variable may be unsafe. Consider using sscanf_s instead. To disable deprecation, use _CRT_SECURE_NO_WARNINGS. See online help for details.
  C:\Program Files (x86)\Windows Kits\10\Include\10.0.10240.0\ucrt\stdio.h(2254): note: see declaration of 'sscanf'
ModelData.cpp(1662): warning C4996: 'sscanf': This function or variable may be unsafe. Consider using sscanf_s instead. To disable deprecation, use _CRT_SECURE_NO_WARNINGS. See online help for details.
  C:\Program Files (x86)\Windows Kits\10\Include\10.0.10240.0\ucrt\stdio.h(2254): note: see declaration of 'sscanf'
ModelData.cpp(1671): warning C4996: 'sscanf': This function or variable may be unsafe. Consider using sscanf_s instead. To disable deprecation, use _CRT_SECURE_NO_WARNINGS. See online help for details.
  C:\Program Files (x86)\Windows Kits\10\Include\10.0.10240.0\ucrt\stdio.h(2254): note: see declaration of 'sscanf'
ModelData.cpp(1698): warning C4477: 'sscanf' : format string '%u' requires an argument of type 'unsigned int *', but variadic argument 7 has type 'bool *'
ModelData.cpp(1698): warning C4996: 'sscanf': This function or variable may be unsafe. Consider using sscanf_s instead. To disable deprecation, use _CRT_SECURE_NO_WARNINGS. See online help for details.
  C:\Program Files (x86)\Windows Kits\10\Include\10.0.10240.0\ucrt\stdio.h(2254): note: see declaration of 'sscanf'
ModelData.cpp(1707): warning C4996: 'sscanf': This function or variable may be unsafe. Consider using sscanf_s instead. To disable deprecation, use _CRT_SECURE_NO_WARNINGS. See online help for details.
  C:\Program Files (x86)\Windows Kits\10\Include\10.0.10240.0\ucrt\stdio.h(2254): note: see declaration of 'sscanf'
ModelData.cpp(1714): warning C4996: 'sscanf': This function or variable may be unsafe. Consider using sscanf_s instead. To disable deprecation, use _CRT_SECURE_NO_WARNINGS. See online help for details.
  C:\Program Files (x86)\Windows Kits\10\Include\10.0.10240.0\ucrt\stdio.h(2254): note: see declaration of 'sscanf'
ModelData.cpp(1716): warning C4996: 'sscanf': This function or variable may be unsafe. Consider using sscanf_s instead. To disable deprecation, use _CRT_SECURE_NO_WARNINGS. See online help for details.
  C:\Program Files (x86)\Windows Kits\10\Include\10.0.10240.0\ucrt\stdio.h(2254): note: see declaration of 'sscanf'
ModelData.cpp(1718): warning C4996: 'sscanf': This function or variable may be unsafe. Consider using sscanf_s instead. To disable deprecation, use _CRT_SECURE_NO_WARNINGS. See online help for details.
  C:\Program Files (x86)\Windows Kits\10\Include\10.0.10240.0\ucrt\stdio.h(2254): note: see declaration of 'sscanf'
ModelData.cpp(1733): warning C4996: 'sscanf': This function or variable may be unsafe. Consider using sscanf_s instead. To disable deprecation, use _CRT_SECURE_NO_WARNINGS. See online help for details.
  C:\Program Files (x86)\Windows Kits\10\Include\10.0.10240.0\ucrt\stdio.h(2254): note: see declaration of 'sscanf'
ModelData.cpp(1798): warning C4996: 'sscanf': This function or variable may be unsafe. Consider using sscanf_s instead. To disable deprecation, use _CRT_SECURE_NO_WARNINGS. See online help for details.
  C:\Program Files (x86)\Windows Kits\10\Include\10.0.10240.0\ucrt\stdio.h(2254): note: see declaration of 'sscanf'
ModelData.cpp(1834): warning C4996: 'sscanf': This function or variable may be unsafe. Consider using sscanf_s instead. To disable deprecation, use _CRT_SECURE_NO_WARNINGS. See online help for details.
  C:\Program Files (x86)\Windows Kits\10\Include\10.0.10240.0\ucrt\stdio.h(2254): note: see declaration of 'sscanf'
ModelData.cpp(1842): warning C4996: 'sscanf': This function or variable may be unsafe. Consider using sscanf_s instead. To disable deprecation, use _CRT_SECURE_NO_WARNINGS. See online help for details.
  C:\Program Files (x86)\Windows Kits\10\Include\10.0.10240.0\ucrt\stdio.h(2254): note: see declaration of 'sscanf'
ModelData.cpp(1854): warning C4996: 'sscanf': This function or variable may be unsafe. Consider using sscanf_s instead. To disable deprecation, use _CRT_SECURE_NO_WARNINGS. See online help for details.
  C:\Program Files (x86)\Windows Kits\10\Include\10.0.10240.0\ucrt\stdio.h(2254): note: see declaration of 'sscanf'
ModelData.cpp(1863): warning C4996: 'fscanf': This function or variable may be unsafe. Consider using fscanf_s instead. To disable deprecation, use _CRT_SECURE_NO_WARNINGS. See online help for details.
  C:\Program Files (x86)\Windows Kits\10\Include\10.0.10240.0\ucrt\stdio.h(1193): note: see declaration of 'fscanf'
ModelData.cpp(1875): warning C4996: 'sscanf': This function or variable may be unsafe. Consider using sscanf_s instead. To disable deprecation, use _CRT_SECURE_NO_WARNINGS. See online help for details.
  C:\Program Files (x86)\Windows Kits\10\Include\10.0.10240.0\ucrt\stdio.h(2254): note: see declaration of 'sscanf'
ModelData.cpp(1882): warning C4996: 'fscanf': This function or variable may be unsafe. Consider using fscanf_s instead. To disable deprecation, use _CRT_SECURE_NO_WARNINGS. See online help for details.
  C:\Program Files (x86)\Windows Kits\10\Include\10.0.10240.0\ucrt\stdio.h(1193): note: see declaration of 'fscanf'
ModelData.cpp(1934): warning C4996: 'sscanf': This function or variable may be unsafe. Consider using sscanf_s instead. To disable deprecation, use _CRT_SECURE_NO_WARNINGS. See online help for details.
  C:\Program Files (x86)\Windows Kits\10\Include\10.0.10240.0\ucrt\stdio.h(2254): note: see declaration of 'sscanf'
ModelData.cpp(1951): warning C4996: 'sscanf': This function or variable may be unsafe. Consider using sscanf_s instead. To disable deprecation, use _CRT_SECURE_NO_WARNINGS. See online help for details.
  C:\Program Files (x86)\Windows Kits\10\Include\10.0.10240.0\ucrt\stdio.h(2254): note: see declaration of 'sscanf'
ModelData.cpp(1975): warning C4996: 'sscanf': This function or variable may be unsafe. Consider using sscanf_s instead. To disable deprecation, use _CRT_SECURE_NO_WARNINGS. See online help for details.
  C:\Program Files (x86)\Windows Kits\10\Include\10.0.10240.0\ucrt\stdio.h(2254): note: see declaration of 'sscanf'
ModelData.cpp(1983): warning C4996: 'sscanf': This function or variable may be unsafe. Consider using sscanf_s instead. To disable deprecation, use _CRT_SECURE_NO_WARNINGS. See online help for details.
  C:\Program Files (x86)\Windows Kits\10\Include\10.0.10240.0\ucrt\stdio.h(2254): note: see declaration of 'sscanf'
ModelData.cpp(2010): warning C4996: 'sscanf': This function or variable may be unsafe. Consider using sscanf_s instead. To disable deprecation, use _CRT_SECURE_NO_WARNINGS. See online help for details.
  C:\Program Files (x86)\Windows Kits\10\Include\10.0.10240.0\ucrt\stdio.h(2254): note: see declaration of 'sscanf'
ModelData.cpp(2036): warning C4996: 'sscanf': This function or variable may be unsafe. Consider using sscanf_s instead. To disable deprecation, use _CRT_SECURE_NO_WARNINGS. See online help for details.
  C:\Program Files (x86)\Windows Kits\10\Include\10.0.10240.0\ucrt\stdio.h(2254): note: see declaration of 'sscanf'
ModelData.cpp(2050): warning C4996: 'sscanf': This function or variable may be unsafe. Consider using sscanf_s instead. To disable deprecation, use _CRT_SECURE_NO_WARNINGS. See online help for details.
  C:\Program Files (x86)\Windows Kits\10\Include\10.0.10240.0\ucrt\stdio.h(2254): note: see declaration of 'sscanf'
ModelData.cpp(2096): warning C4996: 'sscanf': This function or variable may be unsafe. Consider using sscanf_s instead. To disable deprecation, use _CRT_SECURE_NO_WARNINGS. See online help for details.
  C:\Program Files (x86)\Windows Kits\10\Include\10.0.10240.0\ucrt\stdio.h(2254): note: see declaration of 'sscanf'
ModelData.cpp(2106): warning C4996: 'sscanf': This function or variable may be unsafe. Consider using sscanf_s instead. To disable deprecation, use _CRT_SECURE_NO_WARNINGS. See online help for details.
  C:\Program Files (x86)\Windows Kits\10\Include\10.0.10240.0\ucrt\stdio.h(2254): note: see declaration of 'sscanf'
  PAKEExp.cpp
c:\femcon2017\femcon\PAKEExp.h(5): warning C4005: 'CardH3': macro redefinition
  c:\femcon2017\femcon\PAKExp.h(5): note: see previous definition of 'CardH3'
c:\femcon2017\femcon\PAKEExp.h(6): warning C4005: 'CardV3': macro redefinition
  c:\femcon2017\femcon\PAKExp.h(6): note: see previous definition of 'CardV3'
c:\femcon2017\femcon\PAKEExp.h(7): warning C4005: 'CardH4': macro redefinition
  c:\femcon2017\femcon\PAKExp.h(7): note: see previous definition of 'CardH4'
c:\femcon2017\femcon\PAKEExp.h(8): warning C4005: 'CardV4': macro redefinition
  c:\femcon2017\femcon\PAKExp.h(8): note: see previous definition of 'CardV4'
c:\femcon2017\femcon\PAKEExp.h(9): warning C4005: 'CardH5': macro redefinition
  c:\femcon2017\femcon\PAKExp.h(9): note: see previous definition of 'CardH5'
c:\femcon2017\femcon\PAKEExp.h(10): warning C4005: 'CardV5': macro redefinition
  c:\femcon2017\femcon\PAKExp.h(10): note: see previous definition of 'CardV5'
c:\femcon2017\femcon\PAKEExp.h(11): warning C4005: 'CardH6': macro redefinition
  c:\femcon2017\femcon\PAKExp.h(11): note: see previous definition of 'CardH6'
c:\femcon2017\femcon\PAKEExp.h(16): warning C4005: 'CardH7': macro redefinition
  c:\femcon2017\femcon\PAKExp.h(13): note: see previous definition of 'CardH7'
c:\femcon2017\femcon\PAKEExp.h(17): warning C4005: 'CardV7': macro redefinition
  c:\femcon2017\femcon\PAKExp.h(14): note: see previous definition of 'CardV7'
c:\femcon2017\femcon\PAKEExp.h(20): warning C4005: 'CardH8': macro redefinition
  c:\femcon2017\femcon\PAKExp.h(17): note: see previous definition of 'CardH8'
c:\femcon2017\femcon\PAKEExp.h(21): warning C4005: 'CardV8': macro redefinition
  c:\femcon2017\femcon\PAKExp.h(18): note: see previous definition of 'CardV8'
c:\femcon2017\femcon\PAKEExp.h(22): warning C4005: 'CardH8_2': macro redefinition
  c:\femcon2017\femcon\PAKExp.h(21): note: see previous definition of 'CardH8_2'
c:\femcon2017\femcon\PAKEExp.h(30): warning C4005: 'CardH8_3': macro redefinition
  c:\femcon2017\femcon\PAKExp.h(23): note: see previous definition of 'CardH8_3'
c:\femcon2017\femcon\PAKEExp.h(39): warning C4005: 'CardH9': macro redefinition
  c:\femcon2017\femcon\PAKExp.h(25): note: see previous definition of 'CardH9'
c:\femcon2017\femcon\PAKEExp.h(40): warning C4005: 'CardV9': macro redefinition
  c:\femcon2017\femcon\PAKExp.h(26): note: see previous definition of 'CardV9'
c:\femcon2017\femcon\PAKEExp.h(41): warning C4005: 'CardH9_1': macro redefinition
  c:\femcon2017\femcon\PAKExp.h(27): note: see previous definition of 'CardH9_1'
c:\femcon2017\femcon\PAKEExp.h(42): warning C4005: 'CardV9_1': macro redefinition
  c:\femcon2017\femcon\PAKExp.h(28): note: see previous definition of 'CardV9_1'
c:\femcon2017\femcon\PAKEExp.h(57): warning C4005: 'CardH10': macro redefinition
  c:\femcon2017\femcon\PAKExp.h(29): note: see previous definition of 'CardH10'
c:\femcon2017\femcon\PAKEExp.h(58): warning C4005: 'CardV10': macro redefinition
  c:\femcon2017\femcon\PAKExp.h(30): note: see previous definition of 'CardV10'
c:\femcon2017\femcon\PAKEExp.h(66): warning C4005: 'CardH11': macro redefinition
  c:\femcon2017\femcon\PAKExp.h(38): note: see previous definition of 'CardH11'
c:\femcon2017\femcon\PAKEExp.h(67): warning C4005: 'CardV11': macro redefinition
  c:\femcon2017\femcon\PAKExp.h(39): note: see previous definition of 'CardV11'
c:\femcon2017\femcon\PAKEExp.h(70): warning C4005: 'CardH12': macro redefinition
  c:\femcon2017\femcon\PAKExp.h(42): note: see previous definition of 'CardH12'
c:\femcon2017\femcon\PAKEExp.h(71): warning C4005: 'CardV12': macro redefinition
  c:\femcon2017\femcon\PAKExp.h(43): note: see previous definition of 'CardV12'
c:\femcon2017\femcon\PAKEExp.h(73): warning C4005: 'CardH12_1': macro redefinition
  c:\femcon2017\femcon\PAKExp.h(45): note: see previous definition of 'CardH12_1'
c:\femcon2017\femcon\PAKEExp.h(79): warning C4005: 'CardH12_2': macro redefinition
  c:\femcon2017\femcon\PAKExp.h(52): note: see previous definition of 'CardH12_2'
c:\femcon2017\femcon\PAKEExp.h(97): warning C4005: 'CardH12_5': macro redefinition
  c:\femcon2017\femcon\PAKExp.h(60): note: see previous definition of 'CardH12_5'
c:\femcon2017\femcon\PAKEExp.h(107): warning C4005: 'CardH12_6': macro redefinition
  c:\femcon2017\femcon\PAKExp.h(68): note: see previous definition of 'CardH12_6'
c:\femcon2017\femcon\PAKEExp.h(110): warning C4005: 'CardH13_2': macro redefinition
  c:\femcon2017\femcon\PAKExp.h(112): note: see previous definition of 'CardH13_2'
c:\femcon2017\femcon\PAKEExp.h(114): warning C4005: 'CardH13_3': macro redefinition
  c:\femcon2017\femcon\PAKExp.h(134): note: see previous definition of 'CardH13_3'
c:\femcon2017\femcon\PAKEExp.h(131): warning C4005: 'NULAZ': macro redefinition
  c:\femcon2017\femcon\PAKExp.h(222): note: see previous definition of 'NULAZ'
c:\femcon2017\femcon\PAKEExp.h(138): warning C4005: 'MAXIT': macro redefinition
  c:\femcon2017\femcon\PAKExp.h(258): note: see previous definition of 'MAXIT'
c:\femcon2017\femcon\PAKEExp.h(143): warning C4005: 'IREST': macro redefinition
  c:\femcon2017\femcon\PAKExp.h(246): note: see previous definition of 'IREST'
PAKEExp.cpp(37): warning C4244: '=': conversion from 'INT_PTR' to 'UINT', possible loss of data
PAKEExp.cpp(52): warning C4244: '=': conversion from 'ULONGLONG' to 'long', possible loss of data
PAKEExp.cpp(75): warning C4018: '<=': signed/unsigned mismatch
PAKEExp.cpp(83): warning C4018: '<=': signed/unsigned mismatch
PAKEExp.cpp(776): warning C4244: '=': conversion from 'INT_PTR' to 'UINT', possible loss of data
PAKEExp.cpp(832): warning C4244: '=': conversion from 'INT_PTR' to 'UINT', possible loss of data
PAKEExp.cpp(865): warning C4244: '=': conversion from 'INT_PTR' to 'UINT', possible loss of data
PAKEExp.cpp(764): warning C4101: 'CONfuncs': unreferenced local variable
PAKEExp.cpp(764): warning C4101: 'TCfuncs': unreferenced local variable
PAKEExp.cpp(767): warning C4101: 'ima': unreferenced local variable
PAKEExp.cpp(917): warning C4244: '=': conversion from 'INT_PTR' to 'UINT', possible loss of data
PAKEExp.cpp(1165): warning C4244: '=': conversion from 'INT_PTR' to 'UINT', possible loss of data
PAKEExp.cpp(1115): warning C4101: 'uIHP': unreferenced local variable
PAKEExp.cpp(1115): warning C4101: 'uIFL': unreferenced local variable
  PAKExp.cpp
PAKExp.cpp(62): warning C4244: '=': conversion from 'ULONGLONG' to 'long', possible loss of data
PAKExp.cpp(228): warning C4101: 'matType': unreferenced local variable
PAKExp.cpp(228): warning C4101: 'elType': unreferenced local variable
PAKExp.cpp(228): warning C4101: 'matID': unreferenced local variable
PAKExp.cpp(284): warning C4244: 'initializing': conversion from 'double' to 'int', possible loss of data
PAKExp.cpp(285): warning C4244: 'initializing': conversion from 'double' to 'int', possible loss of data
PAKExp.cpp(407): warning C4244: '=': conversion from 'double' to 'int', possible loss of data
PAKExp.cpp(408): warning C4244: '=': conversion from 'double' to 'int', possible loss of data
PAKExp.cpp(525): warning C4244: '=': conversion from 'double' to 'int', possible loss of data
PAKExp.cpp(526): warning C4244: '=': conversion from 'double' to 'int', possible loss of data
PAKExp.cpp(876): warning C4244: '=': conversion from 'double' to 'int', possible loss of data
PAKExp.cpp(877): warning C4244: '=': conversion from 'double' to 'int', possible loss of data
PAKExp.cpp(988): warning C4244: '=': conversion from 'double' to 'int', possible loss of data
PAKExp.cpp(989): warning C4244: '=': conversion from 'double' to 'int', possible loss of data
PAKExp.cpp(1159): warning C4244: '=': conversion from 'double' to 'int', possible loss of data
PAKExp.cpp(1160): warning C4244: '=': conversion from 'double' to 'int', possible loss of data
PAKExp.cpp(1290): warning C4244: '=': conversion from 'double' to 'int', possible loss of data
PAKExp.cpp(1291): warning C4244: '=': conversion from 'double' to 'int', possible loss of data
PAKExp.cpp(1421): warning C4244: '=': conversion from 'double' to 'int', possible loss of data
PAKExp.cpp(1422): warning C4244: '=': conversion from 'double' to 'int', possible loss of data
PAKExp.cpp(1551): warning C4244: '=': conversion from 'double' to 'int', possible loss of data
PAKExp.cpp(1552): warning C4244: '=': conversion from 'double' to 'int', possible loss of data
PAKExp.cpp(1662): warning C4244: '=': conversion from 'double' to 'int', possible loss of data
PAKExp.cpp(1663): warning C4244: '=': conversion from 'double' to 'int', possible loss of data
PAKExp.cpp(1788): warning C4244: '=': conversion from 'double' to 'int', possible loss of data
PAKExp.cpp(1789): warning C4244: '=': conversion from 'double' to 'int', possible loss of data
PAKExp.cpp(296): warning C4101: 'uMODEL1': unreferenced local variable
PAKExp.cpp(1049): warning C4101: 'uMat': unreferenced local variable
PAKExp.cpp(2312): warning C4244: '=': conversion from 'INT_PTR' to 'UINT', possible loss of data
PAKExp.cpp(2318): warning C4244: '=': conversion from 'INT_PTR' to 'UINT', possible loss of data
PAKExp.cpp(2502): warning C4244: '=': conversion from 'INT_PTR' to 'UINT', possible loss of data
PAKExp.cpp(3023): warning C4244: '=': conversion from 'INT_PTR' to 'UINT', possible loss of data
PAKExp.cpp(2636): warning C4101: 'ima': unreferenced local variable
  PakExpOpt.cpp
  PAKFExp.cpp
c:\femcon2017\femcon\PAKFExp.h(92): warning C4005: 'MAXIT': macro redefinition
  c:\femcon2017\femcon\PAKExp.h(258): note: see previous definition of 'MAXIT'
c:\femcon2017\femcon\PAKFExp.h(98): warning C4005: 'IREST': macro redefinition
  c:\femcon2017\femcon\PAKExp.h(246): note: see previous definition of 'IREST'
PAKFExp.cpp(54): warning C4244: '=': conversion from 'ULONGLONG' to 'long', possible loss of data
PAKFExp.cpp(426): warning C4244: '=': conversion from 'INT_PTR' to 'UINT', possible loss of data
  PAKFOptions.cpp
  PAKMExp.cpp
c:\femcon2017\femcon\PAKMExp.h(5): warning C4005: 'CardH3': macro redefinition
  c:\femcon2017\femcon\PAKExp.h(5): note: see previous definition of 'CardH3'
c:\femcon2017\femcon\PAKMExp.h(6): warning C4005: 'CardV3': macro redefinition
  c:\femcon2017\femcon\PAKExp.h(6): note: see previous definition of 'CardV3'
c:\femcon2017\femcon\PAKMExp.h(7): warning C4005: 'CardH4': macro redefinition
  c:\femcon2017\femcon\PAKExp.h(7): note: see previous definition of 'CardH4'
c:\femcon2017\femcon\PAKMExp.h(8): warning C4005: 'CardV4': macro redefinition
  c:\femcon2017\femcon\PAKExp.h(8): note: see previous definition of 'CardV4'
c:\femcon2017\femcon\PAKMExp.h(9): warning C4005: 'CardH5': macro redefinition
  c:\femcon2017\femcon\PAKExp.h(9): note: see previous definition of 'CardH5'
c:\femcon2017\femcon\PAKMExp.h(10): warning C4005: 'CardV5': macro redefinition
  c:\femcon2017\femcon\PAKExp.h(10): note: see previous definition of 'CardV5'
c:\femcon2017\femcon\PAKMExp.h(11): warning C4005: 'CardH6': macro redefinition
  c:\femcon2017\femcon\PAKExp.h(11): note: see previous definition of 'CardH6'
c:\femcon2017\femcon\PAKMExp.h(16): warning C4005: 'CardH7': macro redefinition
  c:\femcon2017\femcon\PAKExp.h(13): note: see previous definition of 'CardH7'
c:\femcon2017\femcon\PAKMExp.h(17): warning C4005: 'CardV7': macro redefinition
  c:\femcon2017\femcon\PAKExp.h(14): note: see previous definition of 'CardV7'
c:\femcon2017\femcon\PAKMExp.h(20): warning C4005: 'CardH8': macro redefinition
  c:\femcon2017\femcon\PAKExp.h(17): note: see previous definition of 'CardH8'
c:\femcon2017\femcon\PAKMExp.h(21): warning C4005: 'CardV8': macro redefinition
  c:\femcon2017\femcon\PAKExp.h(18): note: see previous definition of 'CardV8'
c:\femcon2017\femcon\PAKMExp.h(22): warning C4005: 'CardH8_2': macro redefinition
  c:\femcon2017\femcon\PAKExp.h(21): note: see previous definition of 'CardH8_2'
c:\femcon2017\femcon\PAKMExp.h(30): warning C4005: 'CardH8_3': macro redefinition
  c:\femcon2017\femcon\PAKExp.h(23): note: see previous definition of 'CardH8_3'
c:\femcon2017\femcon\PAKMExp.h(39): warning C4005: 'CardH9': macro redefinition
  c:\femcon2017\femcon\PAKExp.h(25): note: see previous definition of 'CardH9'
c:\femcon2017\femcon\PAKMExp.h(40): warning C4005: 'CardV9': macro redefinition
  c:\femcon2017\femcon\PAKExp.h(26): note: see previous definition of 'CardV9'
c:\femcon2017\femcon\PAKMExp.h(41): warning C4005: 'CardH9_1': macro redefinition
  c:\femcon2017\femcon\PAKExp.h(27): note: see previous definition of 'CardH9_1'
c:\femcon2017\femcon\PAKMExp.h(42): warning C4005: 'CardV9_1': macro redefinition
  c:\femcon2017\femcon\PAKExp.h(28): note: see previous definition of 'CardV9_1'
c:\femcon2017\femcon\PAKMExp.h(57): warning C4005: 'CardH10': macro redefinition
  c:\femcon2017\femcon\PAKExp.h(29): note: see previous definition of 'CardH10'
c:\femcon2017\femcon\PAKMExp.h(58): warning C4005: 'CardV10': macro redefinition
  c:\femcon2017\femcon\PAKExp.h(30): note: see previous definition of 'CardV10'
c:\femcon2017\femcon\PAKMExp.h(66): warning C4005: 'CardH11': macro redefinition
  c:\femcon2017\femcon\PAKExp.h(38): note: see previous definition of 'CardH11'
c:\femcon2017\femcon\PAKMExp.h(67): warning C4005: 'CardV11': macro redefinition
  c:\femcon2017\femcon\PAKExp.h(39): note: see previous definition of 'CardV11'
c:\femcon2017\femcon\PAKMExp.h(70): warning C4005: 'CardH12': macro redefinition
  c:\femcon2017\femcon\PAKExp.h(42): note: see previous definition of 'CardH12'
c:\femcon2017\femcon\PAKMExp.h(71): warning C4005: 'CardV12': macro redefinition
  c:\femcon2017\femcon\PAKExp.h(43): note: see previous definition of 'CardV12'
c:\femcon2017\femcon\PAKMExp.h(73): warning C4005: 'CardH12_1': macro redefinition
  c:\femcon2017\femcon\PAKExp.h(45): note: see previous definition of 'CardH12_1'
c:\femcon2017\femcon\PAKMExp.h(79): warning C4005: 'CardH12_2': macro redefinition
  c:\femcon2017\femcon\PAKExp.h(52): note: see previous definition of 'CardH12_2'
c:\femcon2017\femcon\PAKMExp.h(97): warning C4005: 'CardH12_5': macro redefinition
  c:\femcon2017\femcon\PAKExp.h(60): note: see previous definition of 'CardH12_5'
c:\femcon2017\femcon\PAKMExp.h(107): warning C4005: 'CardH12_6': macro redefinition
  c:\femcon2017\femcon\PAKExp.h(68): note: see previous definition of 'CardH12_6'
c:\femcon2017\femcon\PAKMExp.h(110): warning C4005: 'CardH13_2': macro redefinition
  c:\femcon2017\femcon\PAKExp.h(112): note: see previous definition of 'CardH13_2'
c:\femcon2017\femcon\PAKMExp.h(114): warning C4005: 'CardH13_3': macro redefinition
  c:\femcon2017\femcon\PAKExp.h(134): note: see previous definition of 'CardH13_3'
c:\femcon2017\femcon\PAKMExp.h(131): warning C4005: 'NULAZ': macro redefinition
  c:\femcon2017\femcon\PAKExp.h(222): note: see previous definition of 'NULAZ'
c:\femcon2017\femcon\PAKMExp.h(138): warning C4005: 'MAXIT': macro redefinition
  c:\femcon2017\femcon\PAKExp.h(258): note: see previous definition of 'MAXIT'
c:\femcon2017\femcon\PAKMExp.h(143): warning C4005: 'IREST': macro redefinition
  c:\femcon2017\femcon\PAKExp.h(246): note: see previous definition of 'IREST'
PAKMExp.cpp(37): warning C4244: '=': conversion from 'INT_PTR' to 'UINT', possible loss of data
PAKMExp.cpp(52): warning C4244: '=': conversion from 'ULONGLONG' to 'long', possible loss of data
PAKMExp.cpp(75): warning C4018: '<=': signed/unsigned mismatch
PAKMExp.cpp(83): warning C4018: '<=': signed/unsigned mismatch
PAKMExp.cpp(776): warning C4244: '=': conversion from 'INT_PTR' to 'UINT', possible loss of data
PAKMExp.cpp(832): warning C4244: '=': conversion from 'INT_PTR' to 'UINT', possible loss of data
PAKMExp.cpp(865): warning C4244: '=': conversion from 'INT_PTR' to 'UINT', possible loss of data
PAKMExp.cpp(764): warning C4101: 'CONfuncs': unreferenced local variable
PAKMExp.cpp(764): warning C4101: 'TCfuncs': unreferenced local variable
PAKMExp.cpp(917): warning C4244: '=': conversion from 'INT_PTR' to 'UINT', possible loss of data
PAKMExp.cpp(1165): warning C4244: '=': conversion from 'INT_PTR' to 'UINT', possible loss of data
PAKMExp.cpp(1115): warning C4101: 'uIHP': unreferenced local variable
PAKMExp.cpp(1115): warning C4101: 'uIFL': unreferenced local variable
  PakOptValues.cpp
PakOptValues.cpp(38): warning C4800: 'BOOL': forcing value to bool 'true' or 'false' (performance warning)
PakOptValues.cpp(43): warning C4800: 'BOOL': forcing value to bool 'true' or 'false' (performance warning)
PakOptValues.cpp(67): warning C4244: 'return': conversion from 'INT_PTR' to 'int', possible loss of data
PakOptValues.cpp(185): warning C4244: 'return': conversion from 'INT_PTR' to 'int', possible loss of data
  PAKPExp.cpp
c:\femcon2017\femcon\PAKPExp.h(5): warning C4005: 'CardH3': macro redefinition
  c:\femcon2017\femcon\PAKExp.h(5): note: see previous definition of 'CardH3'
c:\femcon2017\femcon\PAKPExp.h(6): warning C4005: 'CardV3': macro redefinition
  c:\femcon2017\femcon\PAKExp.h(6): note: see previous definition of 'CardV3'
c:\femcon2017\femcon\PAKPExp.h(7): warning C4005: 'CardH4': macro redefinition
  c:\femcon2017\femcon\PAKExp.h(7): note: see previous definition of 'CardH4'
c:\femcon2017\femcon\PAKPExp.h(8): warning C4005: 'CardV4': macro redefinition
  c:\femcon2017\femcon\PAKExp.h(8): note: see previous definition of 'CardV4'
c:\femcon2017\femcon\PAKPExp.h(9): warning C4005: 'CardH5': macro redefinition
  c:\femcon2017\femcon\PAKExp.h(9): note: see previous definition of 'CardH5'
c:\femcon2017\femcon\PAKPExp.h(10): warning C4005: 'CardV5': macro redefinition
  c:\femcon2017\femcon\PAKExp.h(10): note: see previous definition of 'CardV5'
c:\femcon2017\femcon\PAKPExp.h(11): warning C4005: 'CardH6': macro redefinition
  c:\femcon2017\femcon\PAKExp.h(11): note: see previous definition of 'CardH6'
c:\femcon2017\femcon\PAKPExp.h(12): warning C4005: 'CardV6': macro redefinition
  c:\femcon2017\femcon\PAKExp.h(12): note: see previous definition of 'CardV6'
c:\femcon2017\femcon\PAKPExp.h(13): warning C4005: 'CardH7': macro redefinition
  c:\femcon2017\femcon\PAKExp.h(13): note: see previous definition of 'CardH7'
c:\femcon2017\femcon\PAKPExp.h(14): warning C4005: 'CardV7': macro redefinition
  c:\femcon2017\femcon\PAKExp.h(14): note: see previous definition of 'CardV7'
c:\femcon2017\femcon\PAKPExp.h(17): warning C4005: 'CardH8': macro redefinition
  c:\femcon2017\femcon\PAKExp.h(17): note: see previous definition of 'CardH8'
c:\femcon2017\femcon\PAKPExp.h(18): warning C4005: 'CardV8': macro redefinition
  c:\femcon2017\femcon\PAKExp.h(18): note: see previous definition of 'CardV8'
c:\femcon2017\femcon\PAKPExp.h(19): warning C4005: 'CardH8_2': macro redefinition
  c:\femcon2017\femcon\PAKExp.h(21): note: see previous definition of 'CardH8_2'
c:\femcon2017\femcon\PAKPExp.h(27): warning C4005: 'CardH8_3': macro redefinition
  c:\femcon2017\femcon\PAKExp.h(23): note: see previous definition of 'CardH8_3'
c:\femcon2017\femcon\PAKPExp.h(36): warning C4005: 'CardH9': macro redefinition
  c:\femcon2017\femcon\PAKExp.h(25): note: see previous definition of 'CardH9'
c:\femcon2017\femcon\PAKPExp.h(52): warning C4005: 'CardH11': macro redefinition
  c:\femcon2017\femcon\PAKExp.h(38): note: see previous definition of 'CardH11'
c:\femcon2017\femcon\PAKPExp.h(53): warning C4005: 'CardV11': macro redefinition
  c:\femcon2017\femcon\PAKExp.h(39): note: see previous definition of 'CardV11'
c:\femcon2017\femcon\PAKPExp.h(66): warning C4005: 'CardH12': macro redefinition
  c:\femcon2017\femcon\PAKExp.h(42): note: see previous definition of 'CardH12'
c:\femcon2017\femcon\PAKPExp.h(67): warning C4005: 'CardV12': macro redefinition
  c:\femcon2017\femcon\PAKExp.h(43): note: see previous definition of 'CardV12'
c:\femcon2017\femcon\PAKPExp.h(68): warning C4005: 'CardH12_1': macro redefinition
  c:\femcon2017\femcon\PAKExp.h(45): note: see previous definition of 'CardH12_1'
c:\femcon2017\femcon\PAKPExp.h(78): warning C4005: 'CardH13': macro redefinition
  c:\femcon2017\femcon\PAKExp.h(105): note: see previous definition of 'CardH13'
c:\femcon2017\femcon\PAKPExp.h(79): warning C4005: 'CardV13': macro redefinition
  c:\femcon2017\femcon\PAKExp.h(106): note: see previous definition of 'CardV13'
c:\femcon2017\femcon\PAKPExp.h(80): warning C4005: 'CardH13_1': macro redefinition
  c:\femcon2017\femcon\PAKExp.h(107): note: see previous definition of 'CardH13_1'
c:\femcon2017\femcon\PAKPExp.h(90): warning C4005: 'CardV14_1_a_1': macro redefinition
  c:\femcon2017\femcon\PAKExp.h(177): note: see previous definition of 'CardV14_1_a_1'
c:\femcon2017\femcon\PAKPExp.h(92): warning C4005: 'CardV14_1_b_1': macro redefinition
  c:\femcon2017\femcon\PAKExp.h(179): note: see previous definition of 'CardV14_1_b_1'
c:\femcon2017\femcon\PAKPExp.h(96): warning C4005: 'CardH15': macro redefinition
  c:\femcon2017\femcon\PAKExp.h(182): note: see previous definition of 'CardH15'
c:\femcon2017\femcon\PAKPExp.h(97): warning C4005: 'CardV15': macro redefinition
  c:\femcon2017\femcon\PAKExp.h(183): note: see previous definition of 'CardV15'
c:\femcon2017\femcon\PAKPExp.h(113): warning C4005: 'MAXIT': macro redefinition
  c:\femcon2017\femcon\PAKExp.h(258): note: see previous definition of 'MAXIT'
PAKPExp.cpp(37): warning C4244: '=': conversion from 'INT_PTR' to 'UINT', possible loss of data
PAKPExp.cpp(64): warning C4244: '=': conversion from 'ULONGLONG' to 'long', possible loss of data
PAKPExp.cpp(249): warning C4101: 'uNETIP': unreferenced local variable
PAKPExp.cpp(249): warning C4101: 'uINDAX': unreferenced local variable
PAKPExp.cpp(718): warning C4244: '=': conversion from 'INT_PTR' to 'UINT', possible loss of data
PAKPExp.cpp(1120): warning C4244: '=': conversion from 'ULONGLONG' to 'long', possible loss of data
  PAKPTExp.cpp
c:\femcon2017\femcon\PAKPExp.h(5): warning C4005: 'CardH3': macro redefinition
  c:\femcon2017\femcon\PAKExp.h(5): note: see previous definition of 'CardH3'
c:\femcon2017\femcon\PAKPExp.h(6): warning C4005: 'CardV3': macro redefinition
  c:\femcon2017\femcon\PAKExp.h(6): note: see previous definition of 'CardV3'
c:\femcon2017\femcon\PAKPExp.h(7): warning C4005: 'CardH4': macro redefinition
  c:\femcon2017\femcon\PAKExp.h(7): note: see previous definition of 'CardH4'
c:\femcon2017\femcon\PAKPExp.h(8): warning C4005: 'CardV4': macro redefinition
  c:\femcon2017\femcon\PAKExp.h(8): note: see previous definition of 'CardV4'
c:\femcon2017\femcon\PAKPExp.h(9): warning C4005: 'CardH5': macro redefinition
  c:\femcon2017\femcon\PAKExp.h(9): note: see previous definition of 'CardH5'
c:\femcon2017\femcon\PAKPExp.h(10): warning C4005: 'CardV5': macro redefinition
  c:\femcon2017\femcon\PAKExp.h(10): note: see previous definition of 'CardV5'
c:\femcon2017\femcon\PAKPExp.h(11): warning C4005: 'CardH6': macro redefinition
  c:\femcon2017\femcon\PAKExp.h(11): note: see previous definition of 'CardH6'
c:\femcon2017\femcon\PAKPExp.h(12): warning C4005: 'CardV6': macro redefinition
  c:\femcon2017\femcon\PAKExp.h(12): note: see previous definition of 'CardV6'
c:\femcon2017\femcon\PAKPExp.h(13): warning C4005: 'CardH7': macro redefinition
  c:\femcon2017\femcon\PAKExp.h(13): note: see previous definition of 'CardH7'
c:\femcon2017\femcon\PAKPExp.h(14): warning C4005: 'CardV7': macro redefinition
  c:\femcon2017\femcon\PAKExp.h(14): note: see previous definition of 'CardV7'
c:\femcon2017\femcon\PAKPExp.h(17): warning C4005: 'CardH8': macro redefinition
  c:\femcon2017\femcon\PAKExp.h(17): note: see previous definition of 'CardH8'
c:\femcon2017\femcon\PAKPExp.h(18): warning C4005: 'CardV8': macro redefinition
  c:\femcon2017\femcon\PAKExp.h(18): note: see previous definition of 'CardV8'
c:\femcon2017\femcon\PAKPExp.h(19): warning C4005: 'CardH8_2': macro redefinition
  c:\femcon2017\femcon\PAKExp.h(21): note: see previous definition of 'CardH8_2'
c:\femcon2017\femcon\PAKPExp.h(27): warning C4005: 'CardH8_3': macro redefinition
  c:\femcon2017\femcon\PAKExp.h(23): note: see previous definition of 'CardH8_3'
c:\femcon2017\femcon\PAKPExp.h(36): warning C4005: 'CardH9': macro redefinition
  c:\femcon2017\femcon\PAKExp.h(25): note: see previous definition of 'CardH9'
c:\femcon2017\femcon\PAKPExp.h(52): warning C4005: 'CardH11': macro redefinition
  c:\femcon2017\femcon\PAKExp.h(38): note: see previous definition of 'CardH11'
c:\femcon2017\femcon\PAKPExp.h(53): warning C4005: 'CardV11': macro redefinition
  c:\femcon2017\femcon\PAKExp.h(39): note: see previous definition of 'CardV11'
c:\femcon2017\femcon\PAKPExp.h(66): warning C4005: 'CardH12': macro redefinition
  c:\femcon2017\femcon\PAKExp.h(42): note: see previous definition of 'CardH12'
c:\femcon2017\femcon\PAKPExp.h(67): warning C4005: 'CardV12': macro redefinition
  c:\femcon2017\femcon\PAKExp.h(43): note: see previous definition of 'CardV12'
c:\femcon2017\femcon\PAKPExp.h(68): warning C4005: 'CardH12_1': macro redefinition
  c:\femcon2017\femcon\PAKExp.h(45): note: see previous definition of 'CardH12_1'
c:\femcon2017\femcon\PAKPExp.h(78): warning C4005: 'CardH13': macro redefinition
  c:\femcon2017\femcon\PAKExp.h(105): note: see previous definition of 'CardH13'
c:\femcon2017\femcon\PAKPExp.h(79): warning C4005: 'CardV13': macro redefinition
  c:\femcon2017\femcon\PAKExp.h(106): note: see previous definition of 'CardV13'
c:\femcon2017\femcon\PAKPExp.h(80): warning C4005: 'CardH13_1': macro redefinition
  c:\femcon2017\femcon\PAKExp.h(107): note: see previous definition of 'CardH13_1'
c:\femcon2017\femcon\PAKPExp.h(90): warning C4005: 'CardV14_1_a_1': macro redefinition
  c:\femcon2017\femcon\PAKExp.h(177): note: see previous definition of 'CardV14_1_a_1'
c:\femcon2017\femcon\PAKPExp.h(92): warning C4005: 'CardV14_1_b_1': macro redefinition
  c:\femcon2017\femcon\PAKExp.h(179): note: see previous definition of 'CardV14_1_b_1'
c:\femcon2017\femcon\PAKPExp.h(96): warning C4005: 'CardH15': macro redefinition
  c:\femcon2017\femcon\PAKExp.h(182): note: see previous definition of 'CardH15'
c:\femcon2017\femcon\PAKPExp.h(97): warning C4005: 'CardV15': macro redefinition
  c:\femcon2017\femcon\PAKExp.h(183): note: see previous definition of 'CardV15'
c:\femcon2017\femcon\PAKPExp.h(113): warning C4005: 'MAXIT': macro redefinition
  c:\femcon2017\femcon\PAKExp.h(258): note: see previous definition of 'MAXIT'
PAKPTExp.cpp(40): warning C4244: '=': conversion from 'INT_PTR' to 'UINT', possible loss of data
PAKPTExp.cpp(61): warning C4244: '=': conversion from 'ULONGLONG' to 'long', possible loss of data
PAKPTExp.cpp(314): warning C4244: '=': conversion from 'INT_PTR' to 'UINT', possible loss of data
  PAKString.cpp
PAKString.cpp(58): warning C4996: 'strcpy': This function or variable may be unsafe. Consider using strcpy_s instead. To disable deprecation, use _CRT_SECURE_NO_WARNINGS. See online help for details.
  C:\Program Files (x86)\Windows Kits\10\Include\10.0.10240.0\ucrt\string.h(119): note: see declaration of 'strcpy'
PAKString.cpp(64): warning C4267: '+=': conversion from 'size_t' to 'int', possible loss of data
PAKString.cpp(230): warning C4267: '=': conversion from 'size_t' to 'int', possible loss of data
PAKString.cpp(269): warning C4267: '=': conversion from 'size_t' to 'int', possible loss of data
PAKString.cpp(330): warning C4996: 'vsprintf': This function or variable may be unsafe. Consider using vsprintf_s instead. To disable deprecation, use _CRT_SECURE_NO_WARNINGS. See online help for details.
  C:\Program Files (x86)\Windows Kits\10\Include\10.0.10240.0\ucrt\stdio.h(1465): note: see declaration of 'vsprintf'
PAKString.cpp(364): warning C4996: 'strcpy': This function or variable may be unsafe. Consider using strcpy_s instead. To disable deprecation, use _CRT_SECURE_NO_WARNINGS. See online help for details.
  C:\Program Files (x86)\Windows Kits\10\Include\10.0.10240.0\ucrt\string.h(119): note: see declaration of 'strcpy'
PAKString.cpp(371): warning C4267: '+=': conversion from 'size_t' to 'int', possible loss of data
PAKString.cpp(546): warning C4267: '=': conversion from 'size_t' to 'int', possible loss of data
PAKString.cpp(585): warning C4267: '=': conversion from 'size_t' to 'int', possible loss of data
  PAKTExp.cpp
c:\femcon2017\femcon\PAKTExp.h(5): warning C4005: 'CardH3': macro redefinition
  c:\femcon2017\femcon\PAKExp.h(5): note: see previous definition of 'CardH3'
c:\femcon2017\femcon\PAKTExp.h(6): warning C4005: 'CardV3': macro redefinition
  c:\femcon2017\femcon\PAKExp.h(6): note: see previous definition of 'CardV3'
c:\femcon2017\femcon\PAKTExp.h(7): warning C4005: 'CardH4': macro redefinition
  c:\femcon2017\femcon\PAKExp.h(7): note: see previous definition of 'CardH4'
c:\femcon2017\femcon\PAKTExp.h(8): warning C4005: 'CardV4': macro redefinition
  c:\femcon2017\femcon\PAKExp.h(8): note: see previous definition of 'CardV4'
c:\femcon2017\femcon\PAKTExp.h(9): warning C4005: 'CardH5': macro redefinition
  c:\femcon2017\femcon\PAKExp.h(9): note: see previous definition of 'CardH5'
c:\femcon2017\femcon\PAKTExp.h(10): warning C4005: 'CardV5': macro redefinition
  c:\femcon2017\femcon\PAKExp.h(10): note: see previous definition of 'CardV5'
c:\femcon2017\femcon\PAKTExp.h(11): warning C4005: 'CardH6': macro redefinition
  c:\femcon2017\femcon\PAKExp.h(11): note: see previous definition of 'CardH6'
c:\femcon2017\femcon\PAKTExp.h(16): warning C4005: 'CardH7': macro redefinition
  c:\femcon2017\femcon\PAKExp.h(13): note: see previous definition of 'CardH7'
c:\femcon2017\femcon\PAKTExp.h(17): warning C4005: 'CardV7': macro redefinition
  c:\femcon2017\femcon\PAKExp.h(14): note: see previous definition of 'CardV7'
c:\femcon2017\femcon\PAKTExp.h(20): warning C4005: 'CardH8': macro redefinition
  c:\femcon2017\femcon\PAKExp.h(17): note: see previous definition of 'CardH8'
c:\femcon2017\femcon\PAKTExp.h(21): warning C4005: 'CardV8': macro redefinition
  c:\femcon2017\femcon\PAKExp.h(18): note: see previous definition of 'CardV8'
c:\femcon2017\femcon\PAKTExp.h(22): warning C4005: 'CardH8_2': macro redefinition
  c:\femcon2017\femcon\PAKExp.h(21): note: see previous definition of 'CardH8_2'
c:\femcon2017\femcon\PAKTExp.h(30): warning C4005: 'CardH8_3': macro redefinition
  c:\femcon2017\femcon\PAKExp.h(23): note: see previous definition of 'CardH8_3'
c:\femcon2017\femcon\PAKTExp.h(39): warning C4005: 'CardH9': macro redefinition
  c:\femcon2017\femcon\PAKExp.h(25): note: see previous definition of 'CardH9'
c:\femcon2017\femcon\PAKTExp.h(40): warning C4005: 'CardV9': macro redefinition
  c:\femcon2017\femcon\PAKExp.h(26): note: see previous definition of 'CardV9'
c:\femcon2017\femcon\PAKTExp.h(41): warning C4005: 'CardH9_1': macro redefinition
  c:\femcon2017\femcon\PAKExp.h(27): note: see previous definition of 'CardH9_1'
c:\femcon2017\femcon\PAKTExp.h(42): warning C4005: 'CardV9_1': macro redefinition
  c:\femcon2017\femcon\PAKExp.h(28): note: see previous definition of 'CardV9_1'
c:\femcon2017\femcon\PAKTExp.h(57): warning C4005: 'CardH10': macro redefinition
  c:\femcon2017\femcon\PAKExp.h(29): note: see previous definition of 'CardH10'
c:\femcon2017\femcon\PAKTExp.h(58): warning C4005: 'CardV10': macro redefinition
  c:\femcon2017\femcon\PAKExp.h(30): note: see previous definition of 'CardV10'
c:\femcon2017\femcon\PAKTExp.h(66): warning C4005: 'CardH11': macro redefinition
  c:\femcon2017\femcon\PAKExp.h(38): note: see previous definition of 'CardH11'
c:\femcon2017\femcon\PAKTExp.h(67): warning C4005: 'CardV11': macro redefinition
  c:\femcon2017\femcon\PAKExp.h(39): note: see previous definition of 'CardV11'
c:\femcon2017\femcon\PAKTExp.h(70): warning C4005: 'CardH12': macro redefinition
  c:\femcon2017\femcon\PAKExp.h(42): note: see previous definition of 'CardH12'
c:\femcon2017\femcon\PAKTExp.h(71): warning C4005: 'CardV12': macro redefinition
  c:\femcon2017\femcon\PAKExp.h(43): note: see previous definition of 'CardV12'
c:\femcon2017\femcon\PAKTExp.h(73): warning C4005: 'CardH12_1': macro redefinition
  c:\femcon2017\femcon\PAKExp.h(45): note: see previous definition of 'CardH12_1'
c:\femcon2017\femcon\PAKTExp.h(79): warning C4005: 'CardH12_2': macro redefinition
  c:\femcon2017\femcon\PAKExp.h(52): note: see previous definition of 'CardH12_2'
c:\femcon2017\femcon\PAKTExp.h(97): warning C4005: 'CardH12_5': macro redefinition
  c:\femcon2017\femcon\PAKExp.h(60): note: see previous definition of 'CardH12_5'
c:\femcon2017\femcon\PAKTExp.h(107): warning C4005: 'CardH12_6': macro redefinition
  c:\femcon2017\femcon\PAKExp.h(68): note: see previous definition of 'CardH12_6'
c:\femcon2017\femcon\PAKTExp.h(110): warning C4005: 'CardH13_2': macro redefinition
  c:\femcon2017\femcon\PAKExp.h(112): note: see previous definition of 'CardH13_2'
c:\femcon2017\femcon\PAKTExp.h(114): warning C4005: 'CardH13_3': macro redefinition
  c:\femcon2017\femcon\PAKExp.h(134): note: see previous definition of 'CardH13_3'
c:\femcon2017\femcon\PAKTExp.h(131): warning C4005: 'NULAZ': macro redefinition
  c:\femcon2017\femcon\PAKExp.h(222): note: see previous definition of 'NULAZ'
c:\femcon2017\femcon\PAKTExp.h(138): warning C4005: 'MAXIT': macro redefinition
  c:\femcon2017\femcon\PAKExp.h(258): note: see previous definition of 'MAXIT'
c:\femcon2017\femcon\PAKTExp.h(143): warning C4005: 'IREST': macro redefinition
  c:\femcon2017\femcon\PAKExp.h(246): note: see previous definition of 'IREST'
PAKTExp.cpp(37): warning C4244: '=': conversion from 'INT_PTR' to 'UINT', possible loss of data
PAKTExp.cpp(52): warning C4244: '=': conversion from 'ULONGLONG' to 'long', possible loss of data
PAKTExp.cpp(75): warning C4018: '<=': signed/unsigned mismatch
PAKTExp.cpp(83): warning C4018: '<=': signed/unsigned mismatch
PAKTExp.cpp(776): warning C4244: '=': conversion from 'INT_PTR' to 'UINT', possible loss of data
PAKTExp.cpp(832): warning C4244: '=': conversion from 'INT_PTR' to 'UINT', possible loss of data
PAKTExp.cpp(865): warning C4244: '=': conversion from 'INT_PTR' to 'UINT', possible loss of data
PAKTExp.cpp(764): warning C4101: 'CONfuncs': unreferenced local variable
PAKTExp.cpp(764): warning C4101: 'TCfuncs': unreferenced local variable
PAKTExp.cpp(917): warning C4244: '=': conversion from 'INT_PTR' to 'UINT', possible loss of data
PAKTExp.cpp(1165): warning C4244: '=': conversion from 'INT_PTR' to 'UINT', possible loss of data
PAKTExp.cpp(1115): warning C4101: 'uIHP': unreferenced local variable
PAKTExp.cpp(1115): warning C4101: 'uIFL': unreferenced local variable
  PAKTOptions.cpp
  SBeamOptions.cpp
  SendKeys.cpp
SendKeys.cpp(218): warning C4996: 'GetVersion': was declared deprecated
  C:\Program Files (x86)\Windows Kits\8.1\Include\um\sysinfoapi.h(110): note: see declaration of 'GetVersion'
SendKeys.cpp(440): warning C4996: '_tcsncpy': This function or variable may be unsafe. Consider using _tcsncpy_s instead. To disable deprecation, use _CRT_SECURE_NO_WARNINGS. See online help for details.
  C:\Program Files (x86)\Windows Kits\10\Include\10.0.10240.0\ucrt\tchar.h(1541): note: see declaration of '_tcsncpy'
SendKeys.cpp(615): warning C4996: 'strcpy': This function or variable may be unsafe. Consider using strcpy_s instead. To disable deprecation, use _CRT_SECURE_NO_WARNINGS. See online help for details.
  C:\Program Files (x86)\Windows Kits\10\Include\10.0.10240.0\ucrt\string.h(119): note: see declaration of 'strcpy'
SendKeys.cpp(620): warning C4996: 'strcpy': This function or variable may be unsafe. Consider using strcpy_s instead. To disable deprecation, use _CRT_SECURE_NO_WARNINGS. See online help for details.
  C:\Program Files (x86)\Windows Kits\10\Include\10.0.10240.0\ucrt\string.h(119): note: see declaration of 'strcpy'
  TranslateDlg.cpp
  UNVImp.cpp
UNVImp.cpp(89): warning C4477: 'sscanf' : format string '%d' requires an argument of type 'int *', but variadic argument 4 has type 'bool *'
UNVImp.cpp(89): warning C4477: 'sscanf' : format string '%d' requires an argument of type 'int *', but variadic argument 5 has type 'bool *'
UNVImp.cpp(89): warning C4477: 'sscanf' : format string '%d' requires an argument of type 'int *', but variadic argument 6 has type 'bool *'
UNVImp.cpp(89): warning C4477: 'sscanf' : format string '%d' requires an argument of type 'int *', but variadic argument 7 has type 'bool *'
UNVImp.cpp(89): warning C4477: 'sscanf' : format string '%d' requires an argument of type 'int *', but variadic argument 8 has type 'bool *'
UNVImp.cpp(89): warning C4477: 'sscanf' : format string '%d' requires an argument of type 'int *', but variadic argument 9 has type 'bool *'
UNVImp.cpp(89): warning C4996: 'sscanf': This function or variable may be unsafe. Consider using sscanf_s instead. To disable deprecation, use _CRT_SECURE_NO_WARNINGS. See online help for details.
  C:\Program Files (x86)\Windows Kits\10\Include\10.0.10240.0\ucrt\stdio.h(2254): note: see declaration of 'sscanf'
UNVImp.cpp(105): warning C4473: 'sscanf' : not enough arguments passed for format string
  UNVImp.cpp(105): note: placeholders and their parameters expect 4 variadic arguments, but 3 were provided
  UNVImp.cpp(105): note: the missing variadic argument 4 is required by format string '%u'
UNVImp.cpp(105): warning C4996: 'sscanf': This function or variable may be unsafe. Consider using sscanf_s instead. To disable deprecation, use _CRT_SECURE_NO_WARNINGS. See online help for details.
  C:\Program Files (x86)\Windows Kits\10\Include\10.0.10240.0\ucrt\stdio.h(2254): note: see declaration of 'sscanf'
UNVImp.cpp(124): warning C4996: 'sscanf': This function or variable may be unsafe. Consider using sscanf_s instead. To disable deprecation, use _CRT_SECURE_NO_WARNINGS. See online help for details.
  C:\Program Files (x86)\Windows Kits\10\Include\10.0.10240.0\ucrt\stdio.h(2254): note: see declaration of 'sscanf'
UNVImp.cpp(159): warning C4477: 'sscanf' : format string '%u' requires an argument of type 'unsigned int *', but variadic argument 7 has type 'bool *'
UNVImp.cpp(159): warning C4996: 'sscanf': This function or variable may be unsafe. Consider using sscanf_s instead. To disable deprecation, use _CRT_SECURE_NO_WARNINGS. See online help for details.
  C:\Program Files (x86)\Windows Kits\10\Include\10.0.10240.0\ucrt\stdio.h(2254): note: see declaration of 'sscanf'
UNVImp.cpp(167): warning C4996: 'sscanf': This function or variable may be unsafe. Consider using sscanf_s instead. To disable deprecation, use _CRT_SECURE_NO_WARNINGS. See online help for details.
  C:\Program Files (x86)\Windows Kits\10\Include\10.0.10240.0\ucrt\stdio.h(2254): note: see declaration of 'sscanf'
UNVImp.cpp(174): warning C4996: 'sscanf': This function or variable may be unsafe. Consider using sscanf_s instead. To disable deprecation, use _CRT_SECURE_NO_WARNINGS. See online help for details.
  C:\Program Files (x86)\Windows Kits\10\Include\10.0.10240.0\ucrt\stdio.h(2254): note: see declaration of 'sscanf'
UNVImp.cpp(253): warning C4800: 'int': forcing value to bool 'true' or 'false' (performance warning)
UNVImp.cpp(254): warning C4800: 'int': forcing value to bool 'true' or 'false' (performance warning)
UNVImp.cpp(255): warning C4800: 'int': forcing value to bool 'true' or 'false' (performance warning)
UNVImp.cpp(210): warning C4477: 'sscanf' : format string '%d' requires an argument of type 'int *', but variadic argument 3 has type 'bool *'
UNVImp.cpp(210): warning C4477: 'sscanf' : format string '%d' requires an argument of type 'int *', but variadic argument 4 has type 'bool *'
UNVImp.cpp(210): warning C4477: 'sscanf' : format string '%d' requires an argument of type 'int *', but variadic argument 5 has type 'bool *'
UNVImp.cpp(210): warning C4996: 'sscanf': This function or variable may be unsafe. Consider using sscanf_s instead. To disable deprecation, use _CRT_SECURE_NO_WARNINGS. See online help for details.
  C:\Program Files (x86)\Windows Kits\10\Include\10.0.10240.0\ucrt\stdio.h(2254): note: see declaration of 'sscanf'
UNVImp.cpp(215): warning C4996: 'sscanf': This function or variable may be unsafe. Consider using sscanf_s instead. To disable deprecation, use _CRT_SECURE_NO_WARNINGS. See online help for details.
  C:\Program Files (x86)\Windows Kits\10\Include\10.0.10240.0\ucrt\stdio.h(2254): note: see declaration of 'sscanf'
UNVImp.cpp(219): warning C4996: 'sscanf': This function or variable may be unsafe. Consider using sscanf_s instead. To disable deprecation, use _CRT_SECURE_NO_WARNINGS. See online help for details.
  C:\Program Files (x86)\Windows Kits\10\Include\10.0.10240.0\ucrt\stdio.h(2254): note: see declaration of 'sscanf'
UNVImp.cpp(223): warning C4996: 'sscanf': This function or variable may be unsafe. Consider using sscanf_s instead. To disable deprecation, use _CRT_SECURE_NO_WARNINGS. See online help for details.
  C:\Program Files (x86)\Windows Kits\10\Include\10.0.10240.0\ucrt\stdio.h(2254): note: see declaration of 'sscanf'
UNVImp.cpp(227): warning C4996: 'sscanf': This function or variable may be unsafe. Consider using sscanf_s instead. To disable deprecation, use _CRT_SECURE_NO_WARNINGS. See online help for details.
  C:\Program Files (x86)\Windows Kits\10\Include\10.0.10240.0\ucrt\stdio.h(2254): note: see declaration of 'sscanf'
UNVImp.cpp(231): warning C4996: 'sscanf': This function or variable may be unsafe. Consider using sscanf_s instead. To disable deprecation, use _CRT_SECURE_NO_WARNINGS. See online help for details.
  C:\Program Files (x86)\Windows Kits\10\Include\10.0.10240.0\ucrt\stdio.h(2254): note: see declaration of 'sscanf'
UNVImp.cpp(235): warning C4996: 'sscanf': This function or variable may be unsafe. Consider using sscanf_s instead. To disable deprecation, use _CRT_SECURE_NO_WARNINGS. See online help for details.
  C:\Program Files (x86)\Windows Kits\10\Include\10.0.10240.0\ucrt\stdio.h(2254): note: see declaration of 'sscanf'
UNVImp.cpp(240): warning C4996: 'sscanf': This function or variable may be unsafe. Consider using sscanf_s instead. To disable deprecation, use _CRT_SECURE_NO_WARNINGS. See online help for details.
  C:\Program Files (x86)\Windows Kits\10\Include\10.0.10240.0\ucrt\stdio.h(2254): note: see declaration of 'sscanf'
UNVImp.cpp(245): warning C4996: 'sscanf': This function or variable may be unsafe. Consider using sscanf_s instead. To disable deprecation, use _CRT_SECURE_NO_WARNINGS. See online help for details.
  C:\Program Files (x86)\Windows Kits\10\Include\10.0.10240.0\ucrt\stdio.h(2254): note: see declaration of 'sscanf'
UNVImp.cpp(251): warning C4996: 'sscanf': This function or variable may be unsafe. Consider using sscanf_s instead. To disable deprecation, use _CRT_SECURE_NO_WARNINGS. See online help for details.
  C:\Program Files (x86)\Windows Kits\10\Include\10.0.10240.0\ucrt\stdio.h(2254): note: see declaration of 'sscanf'
UNVImp.cpp(268): warning C4996: 'sscanf': This function or variable may be unsafe. Consider using sscanf_s instead. To disable deprecation, use _CRT_SECURE_NO_WARNINGS. See online help for details.
  C:\Program Files (x86)\Windows Kits\10\Include\10.0.10240.0\ucrt\stdio.h(2254): note: see declaration of 'sscanf'
UNVImp.cpp(273): warning C4996: 'sscanf': This function or variable may be unsafe. Consider using sscanf_s instead. To disable deprecation, use _CRT_SECURE_NO_WARNINGS. See online help for details.
  C:\Program Files (x86)\Windows Kits\10\Include\10.0.10240.0\ucrt\stdio.h(2254): note: see declaration of 'sscanf'
UNVImp.cpp(279): warning C4996: 'sscanf': This function or variable may be unsafe. Consider using sscanf_s instead. To disable deprecation, use _CRT_SECURE_NO_WARNINGS. See online help for details.
  C:\Program Files (x86)\Windows Kits\10\Include\10.0.10240.0\ucrt\stdio.h(2254): note: see declaration of 'sscanf'
UNVImp.cpp(284): warning C4996: 'sscanf': This function or variable may be unsafe. Consider using sscanf_s instead. To disable deprecation, use _CRT_SECURE_NO_WARNINGS. See online help for details.
  C:\Program Files (x86)\Windows Kits\10\Include\10.0.10240.0\ucrt\stdio.h(2254): note: see declaration of 'sscanf'
UNVImp.cpp(291): warning C4996: 'sscanf': This function or variable may be unsafe. Consider using sscanf_s instead. To disable deprecation, use _CRT_SECURE_NO_WARNINGS. See online help for details.
  C:\Program Files (x86)\Windows Kits\10\Include\10.0.10240.0\ucrt\stdio.h(2254): note: see declaration of 'sscanf'
UNVImp.cpp(296): warning C4996: 'sscanf': This function or variable may be unsafe. Consider using sscanf_s instead. To disable deprecation, use _CRT_SECURE_NO_WARNINGS. See online help for details.
  C:\Program Files (x86)\Windows Kits\10\Include\10.0.10240.0\ucrt\stdio.h(2254): note: see declaration of 'sscanf'
UNVImp.cpp(311): warning C4996: 'sscanf': This function or variable may be unsafe. Consider using sscanf_s instead. To disable deprecation, use _CRT_SECURE_NO_WARNINGS. See online help for details.
  C:\Program Files (x86)\Windows Kits\10\Include\10.0.10240.0\ucrt\stdio.h(2254): note: see declaration of 'sscanf'
UNVImp.cpp(327): warning C4996: 'sscanf': This function or variable may be unsafe. Consider using sscanf_s instead. To disable deprecation, use _CRT_SECURE_NO_WARNINGS. See online help for details.
  C:\Program Files (x86)\Windows Kits\10\Include\10.0.10240.0\ucrt\stdio.h(2254): note: see declaration of 'sscanf'
UNVImp.cpp(358): warning C4996: 'sscanf': This function or variable may be unsafe. Consider using sscanf_s instead. To disable deprecation, use _CRT_SECURE_NO_WARNINGS. See online help for details.
  C:\Program Files (x86)\Windows Kits\10\Include\10.0.10240.0\ucrt\stdio.h(2254): note: see declaration of 'sscanf'
  Generating code
c:\femcon2017\femcon\pakoptvalues.cpp(131): warning C4715: 'CPakOptValues::GetMaterialModel': not all control paths return a value
  All 1053 functions were compiled because no usable IPDB/IOBJ from previous compilation was found.
  Finished generating code
  FemCon.vcxproj -> C:\FemCon2017\x64\Release\FemCon.exe
  FemCon.vcxproj -> C:\FemCon2017\x64\Release\FemCon.pdb (Full PDB)
