e:\translator\femcon2016\femcon\debug\femcon.pch
e:\translator\femcon2016\femcon\debug\vc120.pdb
e:\translator\femcon2016\femcon\debug\vc120.idb
e:\translator\femcon2016\femcon\debug\stdafx.obj
e:\translator\femcon2016\femcon\debug\sendkeys.obj
e:\translator\femcon2016\femcon\debug\hfunctions.obj
e:\translator\femcon2016\femcon\debug\hloads.obj
e:\translator\femcon2016\femcon\debug\hmaterial.obj
e:\translator\femcon2016\femcon\debug\hnodes.obj
e:\translator\femcon2016\femcon\debug\hproperties.obj
e:\translator\femcon2016\femcon\debug\materialdlg.obj
e:\translator\femcon2016\femcon\debug\modeldata.obj
e:\translator\femcon2016\femcon\debug\pakeexp.obj
e:\translator\femcon2016\femcon\debug\pakexp.obj
e:\translator\femcon2016\femcon\debug\pakfexp.obj
e:\translator\femcon2016\femcon\debug\pakfoptions.obj
e:\translator\femcon2016\femcon\debug\pakmexp.obj
e:\translator\femcon2016\femcon\debug\pakpexp.obj
e:\translator\femcon2016\femcon\debug\pakstring.obj
e:\translator\femcon2016\femcon\debug\paktexp.obj
e:\translator\femcon2016\femcon\debug\paktoptions.obj
e:\translator\femcon2016\femcon\debug\pakexpopt.obj
e:\translator\femcon2016\femcon\debug\pakoptvalues.obj
e:\translator\femcon2016\femcon\debug\sbeamoptions.obj
e:\translator\femcon2016\femcon\debug\translatedlg.obj
e:\translator\femcon2016\femcon\debug\unvimp.obj
e:\translator\femcon2016\femcon\debug\dlgimperfection.obj
e:\translator\femcon2016\femcon\debug\generaldynanopt.obj
e:\translator\femcon2016\femcon\debug\generaloptitermethod.obj
e:\translator\femcon2016\femcon\debug\generalopttimeperiods.obj
e:\translator\femcon2016\femcon\debug\generaloptionsdlg.obj
e:\translator\femcon2016\femcon\debug\hcproperties.obj
e:\translator\femcon2016\femcon\debug\hconnection.obj
e:\translator\femcon2016\femcon\debug\hconntactsegment.obj
e:\translator\femcon2016\femcon\debug\hconstraints.obj
e:\translator\femcon2016\femcon\debug\hdatablock.obj
e:\translator\femcon2016\femcon\debug\helement.obj
e:\translator\femcon2016\femcon\debug\analyseddlg.obj
e:\translator\femcon2016\femcon\debug\femcon.obj
e:\translator\femcon2016\femcon\debug\femcondlg.obj
e:\translator\femcon2016\femcon\debug\finishdlg.obj
e:\translator\femcon2016\debug\femcon.ilk
e:\translator\femcon2016\debug\femcon.exe
e:\translator\femcon2016\debug\femcon.pdb
e:\translator\femcon2016\femcon\debug\femcon.res
e:\translator\femcon2016\femcon\debug\femap.tli
e:\translator\femcon2016\femcon\debug\femap.tlh
e:\translator\femcon2016\femcon\debug\femcon.tlog\cl.command.1.tlog
e:\translator\femcon2016\femcon\debug\femcon.tlog\cl.read.1.tlog
e:\translator\femcon2016\femcon\debug\femcon.tlog\cl.write.1.tlog
e:\translator\femcon2016\femcon\debug\femcon.tlog\link.command.1.tlog
e:\translator\femcon2016\femcon\debug\femcon.tlog\link.read.1.tlog
e:\translator\femcon2016\femcon\debug\femcon.tlog\link.write.1.tlog
e:\translator\femcon2016\femcon\debug\femcon.tlog\rc.command.1.tlog
e:\translator\femcon2016\femcon\debug\femcon.tlog\rc.read.1.tlog
e:\translator\femcon2016\femcon\debug\femcon.tlog\rc.write.1.tlog
