c:\femcon2017\femcon\x64\debug\femcon.pch
c:\femcon2017\femcon\x64\debug\vc140.pdb
c:\femcon2017\femcon\x64\debug\stdafx.obj
c:\femcon2017\femcon\x64\debug\hproperties.obj
c:\femcon2017\femcon\x64\debug\hnodes.obj
c:\femcon2017\femcon\x64\debug\hmaterial.obj
c:\femcon2017\femcon\x64\debug\hloads.obj
c:\femcon2017\femcon\x64\debug\hfunctions.obj
c:\femcon2017\femcon\x64\debug\helement.obj
c:\femcon2017\femcon\x64\debug\hdatablock.obj
c:\femcon2017\femcon\x64\debug\hcproperties.obj
c:\femcon2017\femcon\x64\debug\hconstraints.obj
c:\femcon2017\femcon\x64\debug\hconntactsegment.obj
c:\femcon2017\femcon\x64\debug\hconnection.obj
c:\femcon2017\femcon\x64\debug\generalopttimeperiods.obj
c:\femcon2017\femcon\x64\debug\generaloptitermethod.obj
c:\femcon2017\femcon\x64\debug\generaloptionsdlg.obj
c:\femcon2017\femcon\x64\debug\generaldynanopt.obj
c:\femcon2017\femcon\x64\debug\finishdlg.obj
c:\femcon2017\femcon\x64\debug\femcondlg.obj
c:\femcon2017\femcon\x64\debug\femcon.obj
c:\femcon2017\femcon\x64\debug\dlgimperfection.obj
c:\femcon2017\femcon\x64\debug\analyseddlg.obj
c:\femcon2017\femcon\x64\debug\unvimp.obj
c:\femcon2017\femcon\x64\debug\translatedlg.obj
c:\femcon2017\femcon\x64\debug\sendkeys.obj
c:\femcon2017\femcon\x64\debug\sbeamoptions.obj
c:\femcon2017\femcon\x64\debug\paktoptions.obj
c:\femcon2017\femcon\x64\debug\paktexp.obj
c:\femcon2017\femcon\x64\debug\pakstring.obj
c:\femcon2017\femcon\x64\debug\pakptexp.obj
c:\femcon2017\femcon\x64\debug\pakpexp.obj
c:\femcon2017\femcon\x64\debug\pakoptvalues.obj
c:\femcon2017\femcon\x64\debug\pakmexp.obj
c:\femcon2017\femcon\x64\debug\pakfoptions.obj
c:\femcon2017\femcon\x64\debug\pakfexp.obj
c:\femcon2017\femcon\x64\debug\pakexpopt.obj
c:\femcon2017\femcon\x64\debug\pakexp.obj
c:\femcon2017\femcon\x64\debug\pakeexp.obj
c:\femcon2017\femcon\x64\debug\modeldata.obj
c:\femcon2017\femcon\x64\debug\materialdlg.obj
c:\femcon2017\x64\debug\femcon.ilk
c:\femcon2017\x64\debug\femcon.exe
c:\femcon2017\x64\debug\femcon.pdb
c:\femcon2017\femcon\x64\debug\femcon.res
c:\femcon2017\femcon\x64\debug\femap.tli
c:\femcon2017\femcon\x64\debug\femap.tlh
c:\femcon2017\femcon\x64\debug\femcon.tlog\cl.command.1.tlog
c:\femcon2017\femcon\x64\debug\femcon.tlog\cl.read.1.tlog
c:\femcon2017\femcon\x64\debug\femcon.tlog\cl.write.1.tlog
c:\femcon2017\femcon\x64\debug\femcon.tlog\link.command.1.tlog
c:\femcon2017\femcon\x64\debug\femcon.tlog\link.read.1.tlog
c:\femcon2017\femcon\x64\debug\femcon.tlog\link.write.1.tlog
c:\femcon2017\femcon\x64\debug\femcon.tlog\rc.command.1.tlog
c:\femcon2017\femcon\x64\debug\femcon.tlog\rc.read.1.tlog
c:\femcon2017\femcon\x64\debug\femcon.tlog\rc.write.1.tlog
