e:\translator\femcon2016\femcon\release\femcon.pch
e:\translator\femcon2016\femcon\release\vc120.pdb
e:\translator\femcon2016\femcon\release\stdafx.obj
e:\translator\femcon2016\femcon\release\hproperties.obj
e:\translator\femcon2016\femcon\release\hnodes.obj
e:\translator\femcon2016\femcon\release\hmaterial.obj
e:\translator\femcon2016\femcon\release\hloads.obj
e:\translator\femcon2016\femcon\release\hfunctions.obj
e:\translator\femcon2016\femcon\release\helement.obj
e:\translator\femcon2016\femcon\release\hdatablock.obj
e:\translator\femcon2016\femcon\release\hcproperties.obj
e:\translator\femcon2016\femcon\release\hconstraints.obj
e:\translator\femcon2016\femcon\release\hconntactsegment.obj
e:\translator\femcon2016\femcon\release\hconnection.obj
e:\translator\femcon2016\femcon\release\generalopttimeperiods.obj
e:\translator\femcon2016\femcon\release\generaloptitermethod.obj
e:\translator\femcon2016\femcon\release\generaloptionsdlg.obj
e:\translator\femcon2016\femcon\release\generaldynanopt.obj
e:\translator\femcon2016\femcon\release\finishdlg.obj
e:\translator\femcon2016\femcon\release\femcondlg.obj
e:\translator\femcon2016\femcon\release\femcon.obj
e:\translator\femcon2016\femcon\release\dlgimperfection.obj
e:\translator\femcon2016\femcon\release\analyseddlg.obj
e:\translator\femcon2016\femcon\release\unvimp.obj
e:\translator\femcon2016\femcon\release\translatedlg.obj
e:\translator\femcon2016\femcon\release\sendkeys.obj
e:\translator\femcon2016\femcon\release\sbeamoptions.obj
e:\translator\femcon2016\femcon\release\paktoptions.obj
e:\translator\femcon2016\femcon\release\paktexp.obj
e:\translator\femcon2016\femcon\release\pakstring.obj
e:\translator\femcon2016\femcon\release\pakpexp.obj
e:\translator\femcon2016\femcon\release\pakoptvalues.obj
e:\translator\femcon2016\femcon\release\pakmexp.obj
e:\translator\femcon2016\femcon\release\pakfoptions.obj
e:\translator\femcon2016\femcon\release\pakfexp.obj
e:\translator\femcon2016\femcon\release\pakexpopt.obj
e:\translator\femcon2016\femcon\release\pakexp.obj
e:\translator\femcon2016\femcon\release\pakeexp.obj
e:\translator\femcon2016\femcon\release\modeldata.obj
e:\translator\femcon2016\femcon\release\materialdlg.obj
e:\translator\femcon2016\release\femcon.exe
e:\translator\femcon2016\release\femcon.pdb
e:\translator\femcon2016\femcon\release\femcon.res
e:\translator\femcon2016\femcon\release\femap.tli
e:\translator\femcon2016\femcon\release\femap.tlh
e:\translator\femcon2016\femcon\release\femcon.tlog\cl.command.1.tlog
e:\translator\femcon2016\femcon\release\femcon.tlog\cl.read.1.tlog
e:\translator\femcon2016\femcon\release\femcon.tlog\cl.write.1.tlog
e:\translator\femcon2016\femcon\release\femcon.tlog\link.command.1.tlog
e:\translator\femcon2016\femcon\release\femcon.tlog\link.read.1.tlog
e:\translator\femcon2016\femcon\release\femcon.tlog\link.write.1.tlog
e:\translator\femcon2016\femcon\release\femcon.tlog\rc.command.1.tlog
e:\translator\femcon2016\femcon\release\femcon.tlog\rc.read.1.tlog
e:\translator\femcon2016\femcon\release\femcon.tlog\rc.write.1.tlog
